drews 1.0
9 213
1.1645 2.51771 -11.1546
0.99138 -0.0882182 0.116439
0.127407 0.923429 -0.364861
-0.0755017 0.376922 0.926491
-0.880045 2.06615 2.33534
0 0 0
0 0 0
0 0 0
0 0 0
0 0 0
0 0 0
0 0 0
0 0 0
0 0 0
0 0 0
0.64694 -0.0585665 0.060587
0.884353 0.419291 -0.205528
-0.429249 0.903224 -0.00433055
0.183797 0.0920502 0.978712
1.28201 -0.0405378 -1.14463
0.746493 0.0346514 -0.0408474
0.999946 0.0115867 -0.0025699
-0.0115653 0.999887 0.0108087
0.00268574 -0.0107932 0.999948
-0.111289 -0.0269713 -0.288247
0.770046 0.0513428 -0.0700267
0.975458 -0.174808 0.134036
0.172222 0.984594 0.0307736
-0.13734 -0.00695303 0.990513
-0.895329 -0.113949 -0.247053
0.759132 0.0817816 -0.138047
0.77525 -0.476409 0.414867
0.4797 0.871265 0.10412
-0.411032 0.118316 0.903961
-2.56618 -0.957633 0.66286
0 0 0
0 0 0
0 0 0
0 0 0
0 0 0
0 0 0
0 0 0
0 0 0
0 0 0
0 0 0
-0.821399 -1.10283 6.78955
24 32 26
5 2 1154 0 1 539 0 3 869 0 4 1316 0 5 785 0
-0.783458 -0.975632 6.70951
62 70 63
4 3 1609 0 2 2310 0 4 1587 0 5 1377 0
0.0951181 -1.576 6.81325
10 23 18
3 4 257 0 0 96 0 5 266 0
-1.99661 1.35307 5.17462
134 148 142
4 4 1023 0 0 797 0 3 793 0 5 946 0
0.532792 1.11462 5.39897
44 44 39
3 4 1280 0 0 630 0 5 1237 0
-1.61609 1.92339 4.74147
96 127 135
3 4 1867 0 0 2049 0 5 1972 0
0.593769 1.05444 5.4117
104 125 121
3 4 2104 0 0 1294 0 5 1648 0
2.58074 -0.0217277 6.03715
89 97 86
2 4 149 0 5 110 0
-2.2625 -0.266286 4.31107
51 81 81
2 4 585 0 5 594 0
0.14782 1.13162 5.37898
124 136 131
2 4 761 0 5 607 0
-1.22655 1.20572 5.31152
148 172 171
3 4 864 0 3 980 0 5 1003 0
-1.87803 1.34615 5.19878
145 161 157
3 4 1161 0 3 1280 0 5 1128 0
-3.53808 -0.0452847 6.0333
156 190 195
4 4 1442 0 3 879 0 5 1201 0 6 3422 0
-2.48527 0.649125 5.64719
115 138 135
2 5 952 0 4 814 0
-2.06544 0.565653 5.85701
148 161 202
2 5 1087 0 4 595 0
-0.134563 -0.0206816 5.41797
175 174 166
2 5 1649 0 4 1636 0
-1.67641 1.05001 5.41655
149 178 176
2 5 1891 0 4 1968 0
1.61033 -0.209987 5.0901
151 147 132
2 5 2 0 4 10 0
1.61033 -0.209987 5.0901
151 147 132
2 5 3 0 4 11 0
-1.48909 -0.099167 5.41193
210 212 208
2 5 6 0 4 9 0
-1.48909 -0.099167 5.41193
210 212 208
2 5 7 0 4 8 0
-0.517118 0.0113387 5.65974
144 143 130
2 5 23 0 4 21 0
-2.12269 0.596156 5.84454
57 62 57
2 5 24 0 4 19 0
-0.200658 0.778813 3.70265
103 108 138
2 5 33 0 4 29 0
3.08085 -0.715909 6.42735
168 205 214
2 5 45 0 4 44 0
3.08085 -0.715909 6.42735
168 205 214
2 5 46 0 4 45 0
-25.6036 49.7577 123.354
168 203 209
2 5 48 0 4 41 0
1.73962 0.393233 5.69588
97 93 74
2 5 91 0 4 188 0
-1.95947 1.74132 10.4956
154 185 187
2 5 106 0 4 111 0
0.996554 0.755674 5.63692
161 193 201
2 5 113 0 4 162 0
0.996554 0.755674 5.63692
161 193 201
2 5 114 0 4 161 0
1.83367 -0.338366 5.56341
255 254 245
2 5 118 0 4 189 0
2.37722 1.46133 5.17501
36 37 35
2 5 121 0 4 106 0
-2.04104 3.55049 8.99969
149 180 182
2 5 126 0 4 132 0
0.362617 0.0296126 5.5993
230 231 230
2 5 130 0 4 107 0
1.15764 -0.299245 5.57174
255 255 249
2 5 131 0 4 165 0
-1.95375 1.32632 5.19891
158 184 186
2 5 134 0 4 53 0
-3.10255 0.016685 6.05076
49 54 57
2 5 138 0 4 58 0
-3.14897 -0.38241 6.24572
188 219 223
2 5 155 0 4 154 0
-2.30782 1.37444 5.17197
134 151 149
2 5 156 0 4 83 0
-0.25935 0.601719 5.54178
144 133 115
2 5 162 0 4 157 0
-3.16809 0.826239 5.63246
47 61 59
2 5 165 0 4 163 0
-2.26484 -0.497688 6.33172
32 49 49
2 5 174 0 4 184 0
-2.26484 -0.497688 6.33172
32 49 49
2 5 175 0 4 183 0
-27.5642 30.9293 75.0064
97 105 96
2 5 176 0 4 181 0
-2.66091 -0.466708 6.34344
42 56 56
2 5 179 0 4 130 0
3.06168 0.261473 5.80163
84 79 62
2 5 188 0 4 212 0
-79.3223 38.3376 199.207
47 59 56
2 5 194 0 4 208 0
-0.989033 -0.436445 5.64576
255 255 248
2 5 199 0 4 182 0
-1.84819 1.95006 10.308
110 130 124
2 5 204 0 4 202 0
0.927782 0.870141 5.62258
107 127 123
2 5 221 0 4 256 0
-1.70965 0.456265 5.67584
156 138 112
2 5 223 0 4 218 0
-1.70965 0.456265 5.67584
156 138 112
2 5 224 0 4 217 0
0.178228 0.898395 5.55858
115 133 127
2 5 226 0 4 240 0
-2.75204 0.977182 5.39867
114 123 107
2 5 234 0 4 197 0
1.20215 -0.401734 5.58842
161 163 150
2 5 246 0 4 322 0
0.361122 -0.0287043 5.67115
204 204 203
2 5 256 0 4 263 0
-1.74825 0.726143 5.47651
190 168 144
2 5 270 0 4 284 0
-1.23121 1.13245 5.3629
107 127 123
3 5 298 0 4 321 0 6 447 0
-25.4645 31.6871 72.1051
158 184 186
2 5 326 0 4 489 0
0.837779 -0.466592 5.6326
247 248 246
2 5 334 0 4 333 0
-1.03276 1.85819 4.83102
149 176 176
2 5 341 0 4 467 0
1.19478 -0.192982 5.58943
166 165 146
2 5 347 0 4 765 0
-1.76544 1.83531 10.4679
157 191 193
2 5 354 0 4 442 0
-56.8227 43.4396 173.234
60 69 62
2 5 359 0 4 398 0
-1.69149 0.508697 5.64946
161 141 116
2 5 384 0 4 365 0
-1.69149 0.508697 5.64946
161 141 116
2 5 385 0 4 364 0
-2.73084 1.04239 5.51065
47 53 48
2 5 395 0 4 983 0
1.96634 0.889413 5.51235
152 175 173
2 5 412 0 4 534 0
1.79713 0.342582 5.75806
98 96 79
2 5 413 0 4 425 0
1.19618 -0.319864 5.55739
153 150 134
3 5 437 0 4 399 0 6 698 0
-2.05401 0.246094 5.70103
201 205 212
2 5 442 0 4 410 0
-1.03408 3.25089 9.52811
112 112 141
2 5 455 0 4 406 0
-3.10383 0.954841 5.46301
122 138 136
2 5 463 0 4 560 0
-1.08638 1.86076 4.81538
106 120 112
2 5 464 0 4 415 0
1.15025 -0.103387 5.50971
140 135 121
2 5 466 0 4 711 0
1.17627 -0.0844228 5.45838
163 163 150
2 5 469 0 4 430 0
2.97515 0.793588 5.51935
117 125 116
2 5 479 0 4 626 0
2.56349 0.0305974 6.12553
25 30 27
2 5 495 0 4 408 0
0.164313 1.20206 5.37232
44 33 26
2 5 496 0 4 501 0
-37.9389 26.859 139.426
146 174 172
2 5 517 0 4 632 0
0.522619 0.235557 1.0931
244 174 152
2 5 524 0 4 1254 0
-1.87368 1.96732 4.69521
85 110 111
2 5 531 0 4 371 0
-1.12131 -0.186773 5.55908
149 143 133
3 5 543 0 4 518 0 6 3149 0
0.143205 -0.0832148 5.50571
146 143 132
2 5 550 0 4 790 0
-2.37875 0.800071 5.58206
150 172 171
2 5 561 0 4 654 0
2.44188 -0.62056 6.7411
107 135 140
2 5 563 0 4 756 0
1.05493 1.51897 10.7527
156 187 192
2 5 590 0 4 1010 0
-1.17304 0.566509 5.67238
152 130 106
2 5 595 0 4 605 0
-1.1661 1.10869 5.60957
36 40 46
2 5 601 0 4 516 0
1.88836 0.964967 5.46615
66 67 59
2 5 604 0 4 925 0
-2.98277 -0.459211 6.37059
163 184 171
2 5 619 0 4 544 0
-0.298773 -0.236671 5.54378
191 192 190
2 5 620 0 4 618 0
-1.65461 0.714083 5.49193
194 170 147
2 5 627 0 4 567 0
-1.78733 0.699053 5.49012
170 148 124
2 5 632 0 4 545 0
-1.78733 0.699053 5.49012
170 148 124
2 5 633 0 4 546 0
-2.96275 -0.420066 6.33527
226 247 255
2 5 635 0 4 901 0
-0.718456 -0.335841 5.50507
153 144 134
2 5 658 0 4 781 0
1.84158 -0.0777281 5.4318
140 135 126
2 5 690 0 4 758 0
2.89054 -0.0564191 6.0273
91 99 92
2 5 720 0 4 944 0
-2.36932 1.38955 5.16286
119 118 109
2 5 724 0 4 526 0
-1.47936 1.93616 4.74812
161 193 197
2 5 727 0 4 874 0
-0.352813 0.196265 5.83702
129 135 132
2 5 754 0 4 816 0
-1.04085 0.213908 5.49995
123 127 123
2 5 755 0 4 569 0
-1.88809 1.8284 10.4083
112 135 130
2 5 760 0 4 878 0
-0.930826 1.2448 5.29206
121 128 121
2 5 771 0 4 863 0
0.520119 0.191985 1.20138
229 160 137
2 5 787 0 4 514 0
-84.3888 68.5286 266.653
116 126 118
2 5 789 0 4 926 0
-0.16091 0.900607 5.51931
97 119 113
2 5 798 0 4 738 0
-3.9078 1.95539 10.5059
110 114 139
2 5 801 0 4 740 0
-1.16391 -0.758432 6.55658
68 75 69
2 5 811 0 4 1133 0
-0.83022 -1.16285 6.83041
24 32 28
2 5 831 0 4 932 0
-0.997724 -1.08741 6.76748
23 31 28
2 5 836 0 4 857 0
-1.01791 0.248958 5.85814
155 159 158
2 5 845 0 4 1114 0
-1.01917 0.243201 5.69437
152 155 152
2 5 893 0 4 1045 0
-1.72647 0.49208 5.6547
190 168 144
2 5 916 0 4 656 0
-1.83552 0.462018 3.98678
126 130 163
2 5 917 0 4 848 0
0.403895 0.84064 5.59387
191 225 231
2 5 921 0 4 1113 0
-1.59755 1.13425 5.32246
112 132 125
2 5 940 0 4 389 0
3.09628 0.760318 5.43935
227 138 79
2 5 959 0 4 387 0
0.775078 0.360385 2.06851
95 95 81
2 5 962 0 4 1581 0
1.8446 -0.240666 5.47962
173 171 151
2 5 980 0 4 818 0
1.74312 1.41181 10.6173
145 175 178
2 5 1013 0 4 1071 0
2.20438 -0.0489703 6.2133
39 48 45
2 5 1026 0 4 1609 0
1.92447 0.108003 5.57133
119 121 139
2 5 1030 0 4 2204 0
2.3239 -0.0354874 6.2345
166 184 230
2 5 1045 0 4 2198 0
-3.17546 0.646809 5.77035
73 100 110
2 5 1049 0 4 541 0
-0.306507 0.212999 5.88286
151 158 155
2 5 1079 0 4 1333 0
-2.06544 0.565653 5.85701
154 167 212
2 5 1088 0 4 596 0
2.11348 0.925638 5.44077
116 122 116
2 5 1092 0 4 1668 0
-2.14121 -0.520857 6.37461
137 169 175
2 5 1097 0 4 842 0
-2.11991 0.445627 5.70561
175 160 140
2 5 1162 0 4 1076 0
2.64652 0.84711 5.53543
96 102 92
2 5 1163 0 4 1459 0
1.56248 0.671286 3.815
45 30 23
2 5 1171 0 4 1488 0
1.83658 -0.188783 5.46509
178 173 153
2 5 1221 0 4 1238 0
-0.0579932 1.88875 4.83794
107 113 137
2 5 1227 0 4 1020 0
1.34249 1.03897 5.42866
109 120 110
2 5 1239 0 4 1890 0
-2.38316 0.761616 5.58174
50 64 58
3 5 1256 0 4 1298 0 6 3402 0
-1.36025 3.52505 8.89636
46 55 52
2 5 1258 0 4 638 0
3.5201 -1.20683 8.03156
82 94 83
2 5 1294 0 4 1479 0
-2.38625 0.739871 5.60293
132 153 149
2 5 1311 0 4 1347 0
-1.48215 0.191038 5.54531
176 172 161
2 5 1319 0 4 1142 0
-7.25558 -0.837743 12.2632
169 201 205
2 5 1340 0 4 2094 0
1.21305 0.813876 5.66797
48 62 73
2 5 1344 0 4 899 0
2.28185 0.0571628 5.75612
123 112 98
2 5 1389 0 4 2411 0
3.49503 -0.941566 6.58165
65 74 81
2 5 1394 0 4 1714 0
-0.383733 -0.0604268 5.43244
155 145 123
2 5 1407 0 4 969 0
-2.12519 0.424049 5.69116
200 186 169
2 5 1432 0 4 1735 0
-1.9157 1.26673 5.23461
143 159 155
2 5 1484 0 4 1787 0
-1.9157 1.26673 5.23461
143 159 155
2 5 1485 0 4 1788 0
-0.118672 2.02989 4.63762
69 83 83
2 5 1501 0 4 1474 0
-2.60601 0.496232 5.72936
157 175 169
3 5 1503 0 4 1484 0 6 2786 0
1.86119 -0.0549004 5.43357
224 224 224
2 5 1507 0 4 1166 0
0.92285 1.11144 5.3653
102 100 87
2 5 1510 0 4 1450 0
-0.707792 1.86248 4.76285
130 147 140
2 5 1531 0 4 1570 0
-0.707792 1.86248 4.76285
130 147 140
2 5 1532 0 4 1571 0
-2.12719 1.40875 5.25295
75 77 71
2 5 1533 0 4 1468 0
-0.508056 0.845311 3.68991
115 121 116
2 5 1539 0 4 1790 0
2.73901 2.82824 28.8099
195 197 196
2 5 1541 0 4 1610 0
-1.76234 0.674357 5.55131
193 170 145
2 5 1548 0 4 1487 0
2.88689 -0.117454 6.25791
82 95 90
2 5 1549 0 4 1343 0
-1.02962 -0.464181 5.65361
223 223 218
2 5 1550 0 4 1246 0
-0.998221 0.839538 5.57271
106 107 129
2 5 1567 0 4 1224 0
-3.09967 1.13852 5.48905
131 136 163
2 5 1569 0 4 2051 0
-1.52165 1.79943 4.8619
107 111 134
2 5 1577 0 4 2069 0
0.899062 0.602836 6.42021
206 208 206
2 5 1588 0 4 2121 0
-1.63168 0.621798 5.57653
196 171 147
2 5 1626 0 4 1325 0
3.19045 -0.574372 6.40296
42 62 65
2 5 1629 0 4 1637 0
2.20759 -0.642638 6.49818
37 51 51
2 5 1636 0 4 1777 0
1.67471 1.4512 5.17983
48 46 48
2 5 1644 0 4 962 0
-1.92102 1.25026 5.24663
102 118 114
2 5 1653 0 4 2299 0
1.19261 -0.0402666 5.46182
241 242 240
2 5 1680 0 4 1470 0
1.19261 -0.0402666 5.46182
241 242 240
2 5 1681 0 4 1469 0
2.28002 0.599683 5.72457
28 48 44
2 5 1682 0 4 2189 0
-0.132207 0.895274 5.52832
158 184 183
5 5 1684 0 4 1981 0 6 2355 0 7 3217 0 8 3426 0
1.70805 1.5755 5.04289
145 167 161
2 5 1746 0 4 2130 0
-0.439033 1.26865 5.32727
59 48 37
2 5 1803 0 4 1600 0
0.21199 0.669012 2.288
247 174 147
2 5 1804 0 4 2402 0
-2.74363 0.616138 5.87486
77 97 100
2 5 1826 0 4 940 0
1.12446 -0.0646824 5.54888
199 200 196
2 5 1829 0 4 2170 0
-1.04892 0.425028 5.68684
173 152 131
2 5 1871 0 4 1449 0
-2.86519 0.524747 5.72197
105 117 105
2 5 1885 0 4 2199 0
-2.19797 -0.520235 6.3948
156 190 198
2 5 1916 0 4 2052 0
0.0311555 0.405711 5.94727
124 124 143
2 5 1945 0 4 2071 0
-0.840345 0.657016 3.75714
175 205 206
2 5 1957 0 4 2093 0
0.992054 1.05762 5.41816
38 45 39
2 5 1977 0 4 2061 0
-2.96405 0.262722 5.88037
142 156 139
2 5 2002 0 4 1830 0
-1.62891 1.93472 4.74176
166 198 205
2 5 2090 0 4 2296 0
0.416163 0.0216008 5.55231
159 163 160
2 5 2123 0 4 1766 0
1.82032 -0.0491379 5.43113
207 205 203
2 5 2147 0 4 2002 0
-2.75248 0.811094 5.67926
104 107 96
2 5 2187 0 4 1005 0
-2.78253 1.2437 5.26799
121 127 144
2 5 2201 0 4 609 0
-2.18039 -0.535519 6.39267
58 85 88
2 5 2275 0 4 2425 0
0.0955354 -1.5953 6.76208
113 128 123
2 5 2280 0 4 1985 0
-79.0601 92.8803 481.862
59 71 83
2 5 2291 0 4 1861 0
-0.978606 0.85499 5.55775
153 183 187
3 5 2299 0 4 1712 0 7 3566 0
-1.54801 1.31653 5.23943
55 59 50
2 5 2337 0 4 1594 0
0.0855256 0.808334 5.63438
114 122 143
2 5 2347 0 4 2259 0
-0.877758 -1.35963 6.93096
21 30 26
2 5 2350 0 4 2416 0
-0.635673 0.19016 5.4444
178 183 181
2 6 1879 0 3 923 0
-0.782448 0.224828 5.47766
134 134 121
2 6 2209 0 3 958 0
0.949589 -0.248989 5.59466
230 232 229
2 6 415 0 4 268 0
0.0171616 -0.404249 5.57643
171 164 150
2 6 538 0 4 520 0
0.950294 -0.0647123 5.52078
193 194 192
2 6 1406 0 4 1416 0
-0.464846 -0.190415 5.54236
156 154 142
2 6 1490 0 4 806 0
0.723578 -0.199626 5.61341
196 197 195
2 6 2003 0 4 1415 0
0.493329 -0.0940343 5.58926
161 157 147
2 6 2363 0 4 1417 0
0.508632 -0.113815 5.52726
164 161 148
2 6 260 0 5 112 0
-0.773329 -0.216281 5.59049
151 148 140
2 6 292 0 5 139 0
-0.251161 0.37721 5.72126
167 153 131
2 6 951 0 5 366 0
-0.530577 0.447108 5.68319
161 147 126
2 6 1535 0 5 505 0
0.301433 0.499973 5.38927
164 158 144
2 6 1651 0 5 714 0
-0.135312 0.872249 5.5398
46 67 62
3 6 3180 0 5 2180 0 7 3960 0
