drews 1.0
15 19
0 0 0
0 0 0
0 0 0
0 0 0
0 0 0
0.46341 0.377527 12.824
0.999857 0.0119739 -0.0173146
-0.0120779 0.999955 -0.00598999
0.017254 0.0062193 0.999879
0.0356025 -0.0945665 0.116087
0 0 0
0 0 0
0 0 0
0 0 0
0 0 0
0 0 0
0 0 0
0 0 0
0 0 0
0 0 0
0 0 0
0 0 0
0 0 0
0 0 0
0 0 0
0 0 0
0 0 0
0 0 0
0 0 0
0 0 0
0 0 0
0 0 0
0 0 0
0 0 0
0 0 0
0 0 0
0 0 0
0 0 0
0 0 0
0 0 0
0 0 0
0 0 0
0 0 0
0 0 0
0 0 0
0 0 0
0 0 0
0 0 0
0 0 0
0 0 0
0 0 0
0 0 0
0 0 0
0 0 0
0 0 0
0 0 0
0 0 0
0 0 0
0 0 0
0 0 0
0 0 0
0 0 0
0 0 0
0 0 0
0 0 0
0.611706 1.16691 1.68874
0.895918 0.444222 0.0161313
-0.443944 0.892023 0.0865439
0.024103 -0.084596 0.996246
0.17108 -0.0337087 0.992705
0 0 0
0 0 0
0 0 0
0 0 0
0 0 0
-0.37218 0.432332 2.75504
121 121 116
5 1 378 0 0 357 0 12 397 0 13 567 0 14 682 0
0.315052 -0.360856 2.27922
80 79 49
3 2 106 0 1 114 0 13 170 0
0.407653 -0.849082 4.02225
113 114 79
3 2 443 0 1 215 0 13 228 0
-0.637678 0.535552 3.08282
110 109 106
11 2 583 0 1 334 0 3 742 0 4 717 0 5 658 0 6 699 0 7 440 0 9 306 0 10 305 0 13 381 0 14 379 0
-3.02856 1.55191 9.94329
155 155 148
4 2 608 0 1 270 0 13 230 0 10 317 0
-2.73734 1.60922 9.20113
65 63 57
4 3 743 0 1 331 0 4 1287 0 13 429 0
-0.528802 0.45977 2.88645
145 144 138
6 9 114 0 1 80 0 12 123 0 10 196 0 2 192 0 13 97 0
-2.59315 1.54452 8.75815
130 125 119
6 10 331 0 2 646 0 9 711 0 13 473 0 12 513 0 1 680 0
-0.954728 0.363446 3.94514
123 123 118
5 13 87 0 0 79 0 1 131 0 6 146 0 5 142 0
-1.19373 0.695797 4.57963
120 121 116
3 13 147 0 0 89 0 1 189 0
-1.38953 0.858205 5.16965
109 109 104
3 13 334 0 0 292 0 1 316 0
-1.82098 0.663058 6.36685
129 130 125
2 13 115 0 1 88 0
-0.514299 0.360283 2.9384
161 160 156
3 13 130 0 1 185 0 10 130 0
0.334397 -0.488445 2.64021
137 141 102
2 13 194 0 1 202 0
-0.732909 0.484757 3.32677
120 121 121
2 13 469 0 1 421 0
0.310249 -0.152552 1.63527
94 98 62
2 13 647 0 1 390 0
-0.583405 0.570411 2.98219
107 108 104
2 13 967 0 1 601 0
2.43709 2.68517 8.96296
163 163 156
2 13 1309 0 1 372 0
0.220055 -0.57504 2.97532
107 103 77
3 13 1319 0 1 484 0 10 241 0
