drews 1.0
11 723
1.62462 -58.5969 3624.66
-0.242969 0.783672 -0.572377
-0.677079 0.285488 0.67887
0.695101 0.552499 0.461214
1.98065 -1.8955 3.1124
0 0 0
0 0 0
0 0 0
0 0 0
0 0 0
0 0 0
0 0 0
0 0 0
0 0 0
0 0 0
1.0328 3.49143 -119.841
0.205453 0.708886 -0.678144
-0.724149 0.575437 0.381664
0.659266 0.413029 0.631709
2.1455 -0.839428 1.36569
0.881694 -0.105655 0.286457
0.681496 0.50777 -0.527287
-0.54574 0.832447 0.0961939
0.487791 0.222206 0.844408
1.68252 -0.208972 0.3517
0.836478 0.00814008 -0.0364695
0.913778 0.277556 -0.296628
-0.283089 0.958774 0.0250722
0.291359 0.0610656 0.95467
0.985613 0.0588937 -0.0185368
0.830536 0.0357226 -0.0866907
0.999991 -0.00526322 0.000996152
0.00525402 0.999973 0.00703361
-0.00103652 -0.00702888 0.999982
-0.0156348 -0.0121478 0.0459603
0.831464 0.0482581 -0.1083
0.907375 -0.289746 0.304526
0.277948 0.957067 0.0824207
-0.315321 0.00985674 0.948942
-0.942943 -0.248351 0.239867
0.835198 0.0499824 -0.116402
0.633751 -0.577518 0.514648
0.501072 0.81334 0.295675
-0.589331 0.0704984 0.804822
-1.43206 -0.912514 0.813138
0.824074 0.111785 -0.237641
0.181723 -0.761606 0.622122
0.589316 0.590762 0.551184
-0.787314 0.266443 0.556173
-1.95099 -1.80571 1.5545
0 0 0
0 0 0
0 0 0
0 0 0
0 0 0
0.0844096 0.0898895 2.85349
171 165 160
3 3 1125 0 0 1074 0 4 1502 0
0.0833427 0.113642 2.83922
152 146 140
3 3 1141 0 0 847 0 4 1741 0
0.0047998 0.0244677 2.92575
157 152 144
4 3 1238 0 0 1128 0 4 1270 0 5 2010 0
0.0679705 0.0919362 2.85013
200 194 190
3 3 1775 0 0 1277 0 4 3374 0
0.0714529 0.118017 2.8422
232 225 219
6 3 1961 0 0 1876 0 4 2424 0 5 2396 0 6 3486 0 7 5050 0
0.113047 0.10601 2.83771
151 143 138
3 3 2058 0 0 2951 0 6 6991 0
0.0551352 0.108065 2.85589
230 224 220
4 3 2890 0 0 2936 0 4 3465 0 7 5769 0
-0.0201918 -0.107457 3.05054
205 196 183
2 4 305 0 3 200 0
-0.0669171 0.0440481 3.0175
191 184 172
2 4 331 0 3 216 0
-0.0669171 0.0440481 3.0175
191 184 172
2 4 332 0 3 217 0
0.349674 0.148347 2.77504
148 144 140
5 4 718 0 3 1508 0 5 783 0 7 781 0 8 1656 0
0.0678416 0.0791909 2.86896
163 159 153
2 4 798 0 3 816 0
0.123874 0.131812 2.81899
145 139 130
5 4 1230 0 3 1219 0 5 1444 0 6 1812 0 7 2115 0
0.0928205 0.129921 2.82977
241 235 230
5 4 1273 0 3 1319 0 5 1867 0 6 2337 0 7 3418 0
-0.0856606 -0.0254085 3.03905
223 213 206
2 4 1692 0 3 841 0
0.128707 0.145876 2.80977
249 244 240
3 4 1794 0 3 1184 0 5 1774 0
0.11608 0.114396 2.82885
203 197 190
3 4 1881 0 3 1503 0 5 2980 0
0.340446 0.168454 2.76113
140 135 129
6 4 1989 0 3 1719 0 5 2353 0 6 2463 0 7 3082 0 8 3231 0
0.106244 0.124784 2.82898
141 136 127
5 4 2135 0 3 1015 0 5 2522 0 6 2124 0 7 2040 0
0.294164 0.178841 2.7619
234 227 224
6 4 2885 0 3 2313 0 6 3519 0 5 996 0 7 4273 0 8 3270 0
0.0597495 0.0994536 2.85403
144 141 132
2 4 2911 0 3 1593 0
0.307208 0.157175 2.77064
195 190 185
6 4 3001 0 3 2319 0 5 3225 0 6 3714 0 7 3358 0 8 4497 0
0.112607 0.105994 2.83856
151 144 137
4 4 3758 0 3 2057 0 5 5047 0 6 6990 0
0.105437 0.150678 2.81472
250 245 247
2 4 4793 0 3 3295 0
0.111955 0.136161 2.81756
248 243 244
2 4 4892 0 3 2722 0
-0.0249678 0.0330944 2.94382
228 220 214
2 4 5039 0 3 3607 0
-0.0292805 -0.0342536 2.99625
161 154 143
3 5 3341 0 3 1910 0 6 3398 0
0.076823 0.160343 2.8334
248 241 238
2 5 5347 0 3 3259 0
0.0194578 0.00242424 2.92942
220 212 201
2 5 298 0 4 312 0
0.0855003 0.218869 2.87239
244 237 229
2 5 326 0 4 327 0
-0.0521397 0.0701137 2.99224
203 196 184
2 5 413 0 4 274 0
-0.261377 -0.458286 3.70503
168 185 180
2 5 655 0 4 543 0
0.322695 0.14795 2.77568
168 162 155
2 5 766 0 4 1173 0
1.27319 0.241254 2.95796
51 56 33
2 5 965 0 4 1417 0
0.267669 0.208899 2.76575
246 239 236
4 5 1031 0 4 1112 0 6 1546 0 7 1619 0
0.586764 -0.460462 2.72489
74 76 68
2 5 1115 0 4 1290 0
0.291603 0.209581 2.76058
238 231 227
4 5 1206 0 4 1554 0 6 1135 0 7 1428 0
0.00481728 -0.299244 2.42007
219 213 209
2 5 1462 0 4 1503 0
0.307066 0.168848 2.76429
150 144 139
3 5 1586 0 4 948 0 7 1425 0
0.128074 -0.28302 2.37772
161 149 137
2 5 1588 0 4 954 0
0.313529 0.213634 2.75977
238 232 228
2 5 1969 0 4 3772 0
-0.637457 -0.873366 4.31367
28 42 37
3 5 2167 0 4 1380 0 6 3371 0
0.390559 0.263447 2.79463
221 216 209
4 5 2225 0 4 3443 0 6 3192 0 7 4503 0
0.0919786 0.165539 2.8248
239 232 229
2 5 2376 0 4 2588 0
0.105152 -0.557123 3.79143
51 51 36
2 5 2408 0 4 2607 0
0.176734 -0.26283 2.35714
241 237 232
2 5 2981 0 4 2414 0
0.343034 -0.665683 2.94845
104 104 95
2 5 3657 0 4 1798 0
0.171977 -0.651132 3.89902
118 120 104
2 5 3678 0 4 2899 0
0.15748 0.190641 2.79702
254 248 244
3 5 3687 0 4 4068 0 6 4848 0
0.12794 0.0144103 2.77323
180 177 168
2 5 3709 0 4 5433 0
0.117706 0.0617065 2.83939
195 190 182
2 5 3764 0 4 3379 0
0.100677 0.155137 2.82356
216 207 203
3 5 4660 0 4 3862 0 6 6402 0
0.346959 -0.664144 2.92624
106 107 96
2 5 4663 0 4 2731 0
0.134504 0.291586 2.89765
233 231 226
2 5 4972 0 4 5001 0
0.493332 -0.620674 2.88503
190 192 186
2 5 5182 0 4 5071 0
0.134063 0.127212 2.81588
199 192 185
2 5 5393 0 4 4846 0
-0.147977 0.222928 2.90909
199 198 192
2 5 5418 0 4 3150 0
0.574537 -0.552835 2.8445
146 149 139
2 5 5971 0 4 4894 0
0.338686 0.28154 2.79876
215 210 201
2 5 5978 0 4 4699 0
0.000383757 0.0508597 2.91604
138 133 123
2 6 2517 0 3 1204 0
0.0321493 0.0806333 2.87855
141 136 129
3 6 3652 0 3 1353 0 7 2509 0
0.235046 0.262549 2.80943
255 254 248
2 6 221 0 4 281 0
0.185331 0.122145 2.80907
253 247 240
2 6 250 0 5 271 0
0.122819 0.266879 2.83929
143 138 130
4 6 963 0 4 1587 0 5 900 0 7 908 0
0.319681 0.180665 2.75852
234 226 224
4 6 988 0 4 1615 0 7 1053 0 8 2222 0
0.3048 0.198588 2.75928
204 196 194
5 6 2716 0 4 3894 0 5 2232 0 7 3336 0 8 4818 0
0.229023 0.16231 2.77765
148 141 134
3 6 4410 0 4 3377 0 7 4146 0
0.126029 0.0943093 2.84254
231 223 215
2 6 5034 0 4 2914 0
0.0418077 0.074404 2.87803
178 173 165
2 6 5132 0 4 3718 0
0.0585786 0.0854137 2.87341
175 170 162
2 6 5836 0 4 4305 0
0.111434 0.27395 2.83599
249 248 246
2 6 6252 0 4 5344 0
0.126992 0.158169 2.81137
249 242 238
2 6 6504 0 4 4130 0
0.209302 0.203822 2.82193
250 245 240
2 6 0 0 5 2 0
0.212153 0.22376 2.79119
208 203 194
2 6 158 0 5 204 0
0.448181 0.253607 2.77788
177 173 164
2 6 168 0 5 286 0
1.35371 0.1801 2.92634
39 46 35
2 6 363 0 5 338 0
-1.11379 -0.95122 3.99308
215 239 239
4 6 657 0 5 577 0 7 833 0 8 1523 0
1.82161 -0.567147 3.69265
150 164 157
2 6 942 0 5 744 0
-0.911144 -0.712475 3.99517
100 114 107
3 6 998 0 5 482 0 7 696 0
-0.911495 -0.713081 4.00052
108 121 112
2 6 999 0 5 481 0
-0.708896 -0.887391 4.30434
38 54 49
2 6 1179 0 5 1056 0
0.27225 -0.24158 2.35982
235 227 220
2 6 1201 0 5 1400 0
-1.08755 -0.568319 3.85049
65 84 78
2 6 1230 0 5 767 0
-0.623182 -1.22872 4.51422
79 95 91
3 6 1280 0 5 1364 0 7 906 0
-0.55583 -1.34148 4.63989
182 204 199
2 6 1338 0 5 1564 0
1.49432 -0.053312 3.16413
167 174 155
2 6 1346 0 5 1280 0
-0.503367 -0.695648 4.00526
173 189 183
2 6 1371 0 5 707 0
0.0887103 0.0928869 2.85138
162 154 144
2 6 1394 0 5 1222 0
-1.38514 -0.595895 3.9014
212 239 236
2 6 1467 0 5 798 0
-1.03948 -0.675324 3.93813
150 167 162
3 6 1510 0 5 1260 0 7 1607 0
-1.56364 -0.253712 3.54783
203 226 225
4 6 1716 0 5 695 0 7 3568 0 8 5372 0
-1.271 -0.714094 3.95531
182 204 196
2 6 1749 0 5 1008 0
1.2868 0.194813 2.89477
83 86 57
2 6 1781 0 5 1122 0
-1.21657 -2.01636 5.47053
120 128 111
2 6 1790 0 5 915 0
-0.847371 -1.12525 4.44833
177 204 202
3 6 1864 0 5 796 0 7 2807 0
-1.18677 -2.08025 5.53161
125 134 117
2 6 1882 0 5 1304 0
-1.18608 -0.870092 3.99446
197 220 219
3 6 1947 0 5 935 0 7 1515 0
-0.589882 -1.42602 4.76505
166 191 188
2 6 1977 0 5 1835 0
0.287507 0.149265 2.77758
225 215 205
2 6 2000 0 5 909 0
-0.523108 -1.49716 4.73865
151 170 168
5 6 2031 0 5 1869 0 7 2016 0 8 2371 0 9 831 0
-1.10832 -0.919571 3.99369
203 228 227
4 6 2041 0 5 1184 0 7 2551 0 8 3307 0
1.22734 0.260205 2.88125
76 81 61
2 6 2055 0 5 2260 0
0.417705 0.173982 2.75548
193 187 182
4 6 2101 0 5 1912 0 7 1499 0 8 2442 0
0.0705297 0.0807386 2.87841
158 149 139
2 6 2111 0 5 972 0
-1.27895 -0.739262 3.99426
61 79 71
2 6 2174 0 5 1210 0
0.138285 0.18399 2.8031
254 247 244
3 6 2228 0 5 2397 0 7 2956 0
-1.09506 -0.965383 3.99686
148 172 171
4 6 2346 0 5 999 0 7 1918 0 8 2751 0
-1.58441 -1.76084 5.16256
169 184 172
3 6 2391 0 5 993 0 7 2235 0
-1.32855 -0.366149 3.6458
99 116 110
3 6 2392 0 5 1082 0 7 3174 0
-1.40291 -0.711242 3.99429
73 91 81
2 6 2447 0 5 1372 0
-1.40291 -0.711242 3.99429
73 91 81
2 6 2448 0 5 1373 0
0.157805 -0.272236 2.43804
245 240 233
2 6 2497 0 5 2356 0
-0.705227 -1.33056 4.64932
208 233 229
2 6 2567 0 5 1726 0
-1.15023 0.366502 2.92482
142 160 153
3 6 2668 0 5 1182 0 7 1562 0
-0.777147 -0.271435 3.56179
141 156 151
2 6 2693 0 5 1246 0
-1.15631 -0.978246 3.99138
174 197 194
3 6 2712 0 5 1984 0 7 3849 0
-1.20176 -0.534604 3.85171
72 93 85
2 6 2726 0 5 1525 0
-1.33141 -0.567816 3.90582
60 82 76
3 6 2739 0 5 805 0 7 4365 0
-0.668564 -1.32717 4.64721
206 231 228
2 6 2779 0 5 2053 0
-0.668564 -1.32717 4.64721
206 231 228
2 6 2780 0 5 2054 0
-1.37886 -0.220233 3.48279
142 160 154
2 6 2817 0 5 944 0
-0.574909 -1.07364 4.48599
120 138 132
2 6 2820 0 5 1812 0
1.6275 0.153163 2.906
151 152 117
2 6 2824 0 5 3128 0
-0.873418 -0.678002 4.01254
58 75 69
2 6 2870 0 5 2137 0
-1.01203 -2.42282 5.84967
130 142 131
2 6 2908 0 5 2992 0
0.515684 -0.627591 2.90419
116 115 103
2 6 2967 0 5 3717 0
1.56981 0.273242 2.77402
87 88 52
3 6 3004 0 5 3803 0 7 1021 0
1.58702 0.298983 2.75613
99 104 67
3 6 3017 0 5 4494 0 7 1457 0
-1.04228 -2.48027 5.91668
198 216 210
2 6 3045 0 5 831 0
-0.277227 -1.01292 4.34907
133 147 140
2 6 3071 0 5 3301 0
-1.09448 -0.931029 4.00636
147 170 166
5 6 3133 0 5 2093 0 7 2896 0 8 3671 0 10 2070 0
-1.48553 -0.118631 3.38103
207 227 224
3 6 3136 0 5 1038 0 7 4308 0
-0.411607 -1.18264 4.58304
160 176 170
2 6 3210 0 5 1235 0
-1.43289 -0.174512 3.44103
212 228 223
2 6 3228 0 5 1265 0
-0.985383 -2.4888 5.92734
157 172 164
3 6 3294 0 5 3278 0 7 3381 0
-1.26894 0.509621 2.76878
66 83 73
2 6 3298 0 5 1292 0
-1.19265 -0.104874 3.47837
162 186 185
3 6 3345 0 5 1961 0 7 4914 0
-1.04773 -1.0893 4.0332
137 157 154
6 6 3391 0 5 3192 0 7 3098 0 8 3369 0 9 3017 0 10 2960 0
-1.14727 -0.752316 3.99056
208 232 230
3 6 3399 0 5 1106 0 7 4613 0
-1.1971 -0.809512 3.97954
229 252 250
3 6 3409 0 5 1646 0 7 4355 0
-1.14216 -2.2833 5.70914
191 204 197
2 6 3473 0 5 1531 0
-1.36412 -0.130923 3.36396
179 196 190
2 6 3479 0 5 1492 0
-1.50912 -0.032993 3.28336
192 209 206
3 6 3514 0 5 1055 0 7 3977 0
-1.56356 -0.408505 3.72732
171 192 188
3 6 3528 0 5 1989 0 7 6540 0
-1.12545 -0.936453 3.9965
195 218 213
2 6 3537 0 5 2825 0
-1.42039 -0.908982 4.17707
56 76 69
2 6 3555 0 5 3655 0
-1.63666 -0.382272 3.69656
141 160 153
3 6 3580 0 5 1239 0 7 6001 0
-0.591983 -1.29033 4.59481
113 132 126
2 6 3585 0 5 2485 0
-1.54474 0.0222687 3.22451
114 128 124
3 6 3619 0 5 1514 0 7 5296 0
-1.38256 -0.0726216 3.30971
128 144 140
3 6 3624 0 5 955 0 7 5711 0
-1.38256 -0.0726216 3.30971
128 144 140
3 6 3625 0 5 956 0 7 5710 0
-1.02306 -2.39149 5.80627
169 185 176
3 6 3651 0 5 2833 0 7 3407 0
-1.34353 -0.148844 3.39478
118 136 129
3 6 3677 0 5 1046 0 7 6194 0
-1.3744 -0.232577 3.49955
198 213 210
2 6 3707 0 5 1911 0
-0.181121 -1.98876 5.25497
158 176 172
3 6 3756 0 5 2347 0 7 3187 0
1.06321 -2.46859 6.01326
120 142 142
2 6 3765 0 5 3497 0
-1.35007 -0.126823 3.37406
125 143 138
3 6 3889 0 5 1981 0 7 5671 0
-1.06497 -0.570262 3.85284
176 195 193
3 6 3909 0 5 1701 0 7 5026 0
-0.190326 -1.01599 4.38837
64 81 77
2 6 3959 0 5 3916 0
-0.596132 -1.46312 4.75897
201 228 226
3 6 3982 0 5 3762 0 7 4629 0
-1.42138 -0.0654939 3.30259
156 171 166
2 6 3998 0 5 2005 0
-0.751118 -1.03956 4.3468
175 195 191
3 6 3999 0 5 3210 0 7 4750 0
-1.3857 -0.431717 3.7344
226 247 241
2 6 4022 0 5 950 0
-1.18484 -0.701638 3.97435
170 196 193
3 6 4031 0 5 2195 0 7 5911 0
-1.20452 -0.819334 3.9746
231 253 251
3 6 4108 0 5 2217 0 7 5344 0
0.396206 0.0894244 2.77586
123 117 107
2 6 4130 0 5 2496 0
-1.36599 -0.309712 3.59439
224 242 238
2 6 4285 0 5 1695 0
-1.1164 -0.7578 3.99166
223 248 246
3 6 4539 0 5 2678 0 7 5249 0
-1.20098 -0.864246 3.98998
227 248 244
2 6 4581 0 5 2233 0
-1.08184 -0.825233 3.99809
126 148 141
2 6 4684 0 5 3806 0
-1.13045 -0.76381 3.98834
172 197 191
2 6 4728 0 5 3336 0
-0.741964 -0.499761 3.82675
113 135 133
2 6 4756 0 5 4080 0
0.0332144 -2.07799 5.53865
95 112 110
3 6 4770 0 5 4311 0 8 2076 0
-0.40152 -1.58945 4.87389
75 91 87
4 6 4788 0 5 4251 0 7 4124 0 8 2887 0
-0.9965 -1.27465 4.11827
147 166 165
3 6 4868 0 5 3938 0 7 6440 0
0.460023 -0.751368 2.83393
154 144 132
2 6 4915 0 5 5205 0
-1.29793 -0.324361 3.59441
182 200 195
2 6 4920 0 5 2274 0
-0.584219 -1.31125 4.62622
184 205 200
2 6 4922 0 5 5883 0
-1.01255 -1.26796 4.12047
218 237 237
3 6 5092 0 5 2599 0 7 5501 0
-1.29396 -2.01489 5.42628
157 170 162
3 6 5158 0 5 3016 0 7 5292 0
-0.80725 -1.97997 5.22193
100 126 122
3 6 5259 0 5 3947 0 7 4956 0
-1.12918 -0.584788 3.82505
121 141 137
3 6 5339 0 5 4527 0 7 5157 0
-1.16703 -0.925671 3.99567
209 230 226
2 6 5340 0 5 4148 0
-1.33681 -0.748479 4.00827
212 236 228
2 6 5369 0 5 3441 0
-1.35015 -0.2422 3.50804
218 235 229
2 6 5373 0 5 1932 0
-0.716682 -1.28574 4.59767
199 223 221
2 6 5380 0 5 3219 0
0.298279 0.0835227 2.7932
124 122 115
2 6 5616 0 5 3839 0
-1.40943 -0.125595 3.38587
165 183 176
2 6 5636 0 5 2615 0
0.0234043 0.0590351 2.90559
172 165 153
2 6 5649 0 5 4711 0
-0.745304 -1.29978 4.62107
171 196 193
2 6 5655 0 5 4197 0
0.193002 0.321611 2.86178
210 208 204
2 6 5801 0 5 5737 0
-1.09315 -2.31605 5.73768
175 192 186
3 6 5803 0 5 4038 0 7 4344 0
-1.47731 -0.641372 3.95884
184 211 205
2 6 5888 0 5 3990 0
-0.921536 -2.59912 6.03074
147 163 154
2 6 5893 0 5 3189 0
-1.21703 -0.882571 4.00143
185 205 201
2 6 5926 0 5 3736 0
-1.05783 -2.4086 5.83832
147 163 158
3 6 5990 0 5 3534 0 7 5210 0
-1.25059 -0.44519 3.73814
185 203 199
2 6 6032 0 5 2500 0
-1.43144 -0.448509 3.75216
115 136 130
2 6 6273 0 5 2973 0
0.0934521 0.107335 2.84372
191 183 173
2 6 6310 0 5 4581 0
-0.984737 -1.14847 4.08067
115 130 122
2 6 6318 0 5 4419 0
0.197398 0.305974 2.80682
196 194 187
2 6 6411 0 5 5050 0
-1.39076 -0.0830472 3.31746
192 208 202
2 6 6425 0 5 3005 0
0.330815 0.193568 2.7561
168 161 154
2 6 6437 0 5 4202 0
-0.151034 -2.11744 5.34684
167 185 181
2 6 6449 0 5 4292 0
-1.12999 -0.597898 3.83477
209 230 222
2 6 6458 0 5 3451 0
0.0726942 0.259976 2.85889
245 237 232
2 6 6474 0 5 5593 0
-1.30369 -0.338869 3.60907
127 144 139
2 6 6538 0 5 2729 0
-1.037 -0.0646373 3.42118
140 166 165
2 6 6650 0 5 2888 0
-1.037 -0.0646373 3.42118
140 166 165
2 6 6651 0 5 2887 0
-1.45101 -0.201698 3.47294
114 130 121
2 6 6697 0 5 2439 0
-0.46083 -2.0292 5.37665
172 195 191
2 6 6817 0 5 5218 0
0.276995 0.261535 2.76132
242 235 228
2 7 219 0 5 313 0
-0.0459196 0.203135 2.92905
133 129 121
2 7 852 0 5 867 0
0.351707 0.178787 2.75543
214 206 201
2 7 1682 0 5 1333 0
-0.00116717 -2.65536 6.00567
210 235 232
3 7 2320 0 5 3069 0 6 2955 0
0.398701 0.174825 2.75442
200 194 190
4 7 2713 0 5 3830 0 6 2198 0 8 2581 0
-1.59571 -0.646952 3.90724
84 103 96
3 7 3368 0 5 2689 0 6 3092 0
-1.4331 -0.907487 4.16552
134 157 152
3 7 3645 0 5 2419 0 6 5934 0
0.000962589 0.0366781 2.92554
168 163 155
2 7 4252 0 5 4120 0
0.296138 0.191837 2.76186
228 219 215
3 7 4409 0 5 4560 0 6 3905 0
0.217626 0.168431 2.7778
251 247 241
2 7 4808 0 5 3989 0
-1.63813 -0.56026 3.83541
148 169 162
3 7 4902 0 5 3712 0 6 4393 0
-0.735359 -1.04985 4.34611
116 136 131
2 7 5692 0 5 4366 0
0.299096 0.281674 2.79684
179 173 166
2 7 6299 0 5 5609 0
-1.13331 -0.394604 3.65523
183 201 197
2 7 6740 0 5 3889 0
1.11476 -0.263297 3.43074
147 166 168
2 7 16 0 6 51 0
-1.03426 -0.833126 4.08422
45 52 49
2 7 69 0 6 101 0
-1.8721 -1.01205 4.39106
146 157 146
2 7 99 0 6 67 0
-0.486972 0.779543 2.48954
216 223 219
2 7 108 0 6 75 0
0.566811 0.143827 2.7893
164 158 154
3 7 113 0 6 132 0 8 143 0
0.409703 -0.601214 3.01664
138 141 141
2 7 119 0 6 130 0
1.60061 0.293615 2.75405
177 182 144
2 7 270 0 6 435 0
0.244247 -2.37709 5.80209
178 204 206
2 7 271 0 6 265 0
-1.47387 0.203646 2.9866
166 186 184
2 7 280 0 6 312 0
-1.28525 0.0401506 3.34638
23 34 29
2 7 302 0 6 323 0
-1.81286 -1.4224 4.78606
83 97 89
2 7 318 0 6 296 0
1.269 0.250162 2.87371
114 118 89
2 7 372 0 6 513 0
0.309452 0.637008 2.54457
216 235 235
2 7 398 0 6 268 0
-2.53528 -2.34438 5.90686
174 197 198
2 7 413 0 6 352 0
-0.990428 -0.752351 4.02913
55 68 62
2 7 414 0 6 555 0
-1.59342 -0.485897 3.80589
78 98 94
2 7 440 0 6 329 0
-1.59342 -0.485897 3.80589
78 98 94
2 7 441 0 6 328 0
-1.14707 0.396647 2.90725
112 129 125
3 7 472 0 6 494 0 8 861 0
-0.529005 0.759815 2.49148
98 100 81
2 7 510 0 6 457 0
-2.34647 -2.52171 6.05872
165 188 192
3 7 529 0 6 580 0 8 774 0
1.43158 0.0438333 3.06968
173 179 144
2 7 594 0 6 2454 0
-1.44232 0.16318 3.03556
143 160 156
2 7 595 0 6 588 0
-1.6781 0.200757 3.02981
171 187 185
2 7 649 0 6 539 0
-0.663979 -1.38428 4.69762
186 213 215
2 7 674 0 6 1283 0
0.28853 0.166485 2.76849
137 131 125
2 7 706 0 6 929 0
-1.76992 -1.03948 4.51284
114 127 108
2 7 708 0 6 924 0
-1.66215 -0.585488 3.83432
149 169 165
2 7 723 0 6 789 0
0.245421 -1.89078 5.27425
98 116 114
2 7 755 0 6 2425 0
-0.153328 -1.98415 5.24754
55 73 71
2 7 762 0 6 966 0
-1.42921 0.241235 3.08022
129 148 145
2 7 877 0 6 643 0
1.34714 0.199159 2.89728
167 175 157
2 7 896 0 6 1240 0
0.345598 0.634821 2.54588
159 176 173
2 7 960 0 6 1061 0
0.0620846 -2.28433 5.60796
180 201 201
2 7 991 0 6 3166 0
-1.54312 -0.835056 4.06072
201 224 221
2 7 1018 0 6 884 0
0.375447 0.2239 2.76459
159 155 150
2 7 1024 0 6 721 0
-1.70237 -1.37565 4.74546
195 212 203
2 7 1037 0 6 1293 0
0.329409 0.248389 2.7873
187 182 177
2 7 1074 0 6 1411 0
-1.61773 -0.460923 3.78615
83 105 103
3 7 1100 0 6 889 0 8 2650 0
-1.17281 -0.279259 3.53523
87 104 102
3 7 1108 0 6 1199 0 8 1380 0
-1.35912 0.109737 3.23715
129 152 150
2 7 1118 0 6 639 0
-0.658769 -1.14158 4.45256
205 228 228
2 7 1140 0 6 1325 0
-1.65257 -0.551662 3.82812
60 81 77
2 7 1152 0 6 1214 0
-0.983478 -1.12772 4.08412
174 199 196
2 7 1178 0 6 1383 0
-1.09614 -0.882256 4.00622
201 226 226
2 7 1193 0 6 1140 0
-1.04139 -0.471029 3.75985
136 157 153
2 7 1206 0 6 1266 0
-1.31007 -0.0336888 3.31106
50 69 65
2 7 1231 0 6 1408 0
-1.89945 -0.997471 4.37651
154 166 156
2 7 1296 0 6 1637 0
-1.43105 0.159834 3.15833
105 124 119
2 7 1305 0 6 1691 0
-2.18868 -0.93376 4.22852
118 133 131
2 7 1315 0 6 775 0
-2.18868 -0.93376 4.22852
118 133 131
2 7 1316 0 6 776 0
-0.0395201 -2.24074 5.46335
165 182 181
2 7 1326 0 6 1080 0
-1.00981 -0.736605 4.01725
137 155 150
2 7 1327 0 6 989 0
0.54213 0.123209 2.77942
118 114 108
2 7 1383 0 6 1119 0
-0.267063 0.617113 2.64092
121 125 97
2 7 1400 0 6 1784 0
-0.574617 -1.45514 4.76403
85 111 110
4 7 1403 0 6 1158 0 8 2019 0 9 1749 0
-1.86194 -1.31829 4.69154
160 173 165
3 7 1415 0 6 1310 0 8 1676 0
-1.69929 -0.476072 3.75516
185 209 206
2 7 1427 0 6 784 0
-1.95598 -1.27266 4.66895
61 72 63
2 7 1434 0 6 1658 0
-1.38112 0.0701432 3.2249
43 60 54
2 7 1486 0 6 1807 0
0.162412 -0.275853 2.3951
158 148 141
2 7 1487 0 6 2202 0
-1.46731 -0.841446 4.13328
66 89 86
2 7 1492 0 6 1853 0
0.0275921 -2.12588 5.55597
159 179 179
2 7 1493 0 6 2474 0
1.5947 0.319903 2.75492
130 137 101
2 7 1498 0 6 2835 0
-1.49929 0.255026 2.95476
90 108 103
4 7 1500 0 6 743 0 8 2772 0 9 3060 0
0.61051 -2.51935 5.89677
174 194 193
2 7 1502 0 6 3405 0
-1.75731 -1.07938 4.53017
66 77 62
2 7 1508 0 6 1931 0
-2.21876 -0.824849 4.2014
69 84 71
2 7 1541 0 6 1101 0
-1.97332 -1.01611 4.33126
103 113 97
2 7 1546 0 6 1813 0
-1.03178 -0.704605 3.98561
133 151 148
2 7 1547 0 6 1391 0
-1.07851 -0.809385 4.01472
213 238 238
2 7 1567 0 6 1053 0
-1.46441 0.187155 3.01756
125 141 136
2 7 1602 0 6 1348 0
-1.61455 0.460883 2.7745
163 183 182
4 7 1624 0 6 1272 0 8 1787 0 9 1567 0
-1.09722 -0.583133 3.84384
169 190 190
2 7 1640 0 6 1295 0
-1.75038 -1.1285 4.52432
139 150 132
2 7 1650 0 6 2002 0
-1.17817 -2.67361 6.0878
187 209 211
3 7 1652 0 6 1899 0 8 1755 0
-0.0320357 -1.5759 4.92894
193 206 204
2 7 1749 0 6 2333 0
-1.20322 -0.241201 3.49203
136 156 152
2 7 1780 0 6 1789 0
-1.33189 -0.0126437 3.26118
121 141 139
3 7 1781 0 6 2703 0 8 2562 0
-1.84282 -0.176488 3.45124
205 229 227
2 7 1857 0 6 993 0
-1.85768 -0.999288 4.39188
158 170 156
2 7 1872 0 6 1468 0
-1.11243 -0.361847 3.65018
131 150 147
2 7 1882 0 6 1956 0
-1.61992 -1.74155 5.1222
80 95 86
2 7 1903 0 6 1718 0
-1.37522 0.0508457 3.17806
150 170 166
2 7 1906 0 6 1579 0
-1.4719 -0.436545 3.76069
94 116 113
2 7 1931 0 6 1715 0
-1.94041 -1.29216 4.65706
147 160 158
3 7 1947 0 6 1661 0 8 2459 0
-0.243838 -1.69434 5.08057
168 184 184
3 7 1954 0 6 1698 0 8 2015 0
0.925968 0.479889 2.74533
157 184 188
2 7 1956 0 6 1774 0
-1.38783 0.0702689 3.15562
125 144 139
2 7 1985 0 6 1480 0
-1.18473 -0.260108 3.51851
158 180 177
3 7 1987 0 6 1791 0 8 2419 0
-1.18537 -0.259765 3.52017
162 185 181
2 7 1988 0 6 1792 0
-1.20421 -0.271053 3.5105
122 141 138
2 7 2011 0 6 1340 0
-0.166455 -1.92903 5.23543
131 149 148
3 7 2015 0 6 2701 0 8 1650 0
-1.3318 -2.44 5.8541
195 219 219
3 7 2028 0 6 2535 0 8 1190 0
-1.32796 -2.43431 5.84028
203 226 226
2 7 2029 0 6 2536 0
-0.511562 -2.01486 5.34832
96 122 122
2 7 2031 0 6 2221 0
-1.10677 -0.60752 3.85146
142 164 162
2 7 2044 0 6 1805 0
-1.91671 -0.164265 3.4284
31 46 40
2 7 2050 0 6 821 0
-1.41299 0.117612 3.15751
69 90 87
2 7 2055 0 6 1470 0
-1.72934 -0.0058892 3.29241
212 238 235
2 7 2091 0 6 1881 0
-0.687933 -1.55498 4.57374
154 173 170
4 7 2116 0 6 2992 0 8 2310 0 9 941 0
-1.05362 -2.5352 5.94977
104 125 121
3 7 2122 0 6 1032 0 8 2530 0
-1.06992 -0.420178 3.71177
130 151 148
2 7 2125 0 6 2345 0
1.23124 0.259023 2.88942
37 40 24
2 7 2141 0 6 2054 0
-1.09112 -0.571462 3.86432
58 78 78
2 7 2148 0 6 1229 0
-0.46958 -1.87835 5.19259
119 144 146
2 7 2165 0 6 2621 0
-1.88881 -1.30674 4.70127
62 73 61
2 7 2167 0 6 1202 0
0.495244 -0.699162 2.87159
138 131 120
2 7 2169 0 6 3648 0
-0.270793 -1.74464 5.04548
160 180 179
2 7 2176 0 6 2580 0
0.0839631 0.114722 2.84125
138 131 123
2 7 2178 0 6 2329 0
1.40558 -0.913462 4.03306
106 116 107
2 7 2208 0 6 4448 0
-2.25042 -0.642872 4.00543
84 97 88
2 7 2211 0 6 839 0
-0.846679 -1.98332 5.23823
176 200 195
2 7 2229 0 6 1334 0
-1.40108 0.175626 3.16701
124 145 143
3 7 2241 0 6 991 0 8 3108 0
-2.93424 -1.94039 5.46116
62 81 81
2 7 2246 0 6 1833 0
-1.12685 -0.548225 3.84994
83 108 109
2 7 2273 0 6 2081 0
-1.5057 -0.753634 4.03852
70 90 85
2 7 2276 0 6 2399 0
-1.50761 -0.753612 4.04302
68 89 86
3 7 2277 0 6 2398 0 8 2106 0
-1.51829 0.415474 2.98138
101 117 113
2 7 2278 0 6 1366 0
-1.82214 -0.0584254 3.35094
192 216 215
2 7 2280 0 6 1232 0
0.00521325 -2.44874 5.74802
140 161 162
2 7 2286 0 6 1872 0
-1.21344 -0.123284 3.47581
127 151 149
2 7 2288 0 6 1870 0
-1.06047 -1.07649 4.02629
210 230 229
5 7 2298 0 6 2154 0 8 2802 0 9 2872 0 10 2191 0
-1.41437 -0.332227 3.62674
210 232 231
2 7 2299 0 6 1095 0
-1.70258 -0.493584 3.74305
53 73 68
2 7 2301 0 6 1729 0
-0.330408 -1.64159 4.93966
167 182 181
2 7 2307 0 6 3454 0
-1.84164 -1.09256 4.46748
78 90 77
3 7 2315 0 6 2194 0 8 3126 0
0.324245 0.148333 2.77791
148 142 136
2 7 2321 0 6 2783 0
-1.09424 -2.47028 5.88109
148 171 171
2 7 2323 0 6 2411 0
-1.78958 -0.155092 3.45562
78 96 90
2 7 2342 0 6 1820 0
-1.7904 -0.154998 3.45705
81 100 96
3 7 2343 0 6 1821 0 8 2715 0
-1.76941 -1.08675 4.48859
120 131 114
2 7 2349 0 6 1857 0
-1.68107 -0.264915 3.56572
60 74 70
2 7 2368 0 6 1273 0
-0.516558 -1.6454 4.88647
108 122 121
2 7 2372 0 6 3341 0
-1.76671 0.041657 3.23616
183 206 204
2 7 2373 0 6 1222 0
-1.57317 -0.689084 3.95451
75 96 91
2 7 2379 0 6 2110 0
-1.78365 -1.04868 4.4676
111 123 105
2 7 2381 0 6 2273 0
-0.682249 -2.82962 6.4167
70 84 72
3 7 2384 0 6 2342 0 8 1544 0
0.488137 -0.634934 2.90243
130 131 121
2 7 2392 0 6 3960 0
1.21164 -0.723386 3.88089
121 136 132
2 7 2407 0 6 3500 0
-1.18419 -0.82373 3.97701
171 196 197
2 7 2418 0 6 1494 0
-1.18419 -0.82373 3.97701
171 196 197
2 7 2419 0 6 1493 0
-1.85318 -0.271993 3.52979
178 200 196
2 7 2437 0 6 2368 0
-1.63746 -1.78259 5.13611
141 159 150
2 7 2456 0 6 2102 0
-1.65986 -0.53135 3.81236
161 184 182
3 7 2464 0 6 1576 0 8 3427 0
-1.50496 0.262209 2.94197
130 152 149
2 7 2465 0 6 1983 0
-1.11108 -2.44237 5.85319
191 211 211
2 7 2472 0 6 2201 0
-1.32437 -2.10298 5.50417
115 137 135
2 7 2510 0 6 1924 0
1.70419 -0.233561 3.42267
108 118 110
2 7 2522 0 6 5384 0
-1.14973 -0.195377 3.58466
30 44 41
2 7 2538 0 6 3878 0
-1.78593 -2.00252e-05 3.285
114 134 129
2 7 2546 0 6 893 0
-1.2059 -0.079927 3.49272
167 195 197
2 7 2552 0 6 1128 0
-2.19969 -0.714082 4.07074
89 102 93
2 7 2563 0 6 1142 0
0.374772 0.177306 2.75361
207 201 199
3 7 2591 0 6 2636 0 8 3458 0
-1.51245 -0.825594 4.06963
160 184 180
2 7 2605 0 6 1838 0
-0.492122 -1.76053 5.06916
182 202 202
2 7 2617 0 6 2765 0
-1.41751 0.13545 3.16775
109 131 129
2 7 2642 0 6 2058 0
-1.8048 -0.0654369 3.35855
66 85 81
3 7 2657 0 6 1686 0 8 4348 0
-1.78101 -1.17748 4.56094
79 88 75
2 7 2674 0 6 3573 0
-1.70948 -0.213181 3.51471
193 219 216
2 7 2680 0 6 1520 0
-1.71969 -0.480581 3.72387
191 212 207
2 7 2686 0 6 1730 0
-2.27767 -0.658563 4.00963
199 221 216
2 7 2692 0 6 780 0
-1.26787 -2.01683 5.41776
96 110 100
2 7 2704 0 6 3844 0
-1.26787 -2.01683 5.41776
96 110 100
2 7 2705 0 6 3845 0
-1.37827 0.0837782 3.2431
118 138 136
2 7 2712 0 6 2768 0
-2.32976 -0.807171 4.16838
193 213 213
3 7 2718 0 6 1324 0 8 3378 0
-1.65392 -0.262376 3.5782
74 87 83
2 7 2741 0 6 1703 0
-0.21406 -2.04199 5.29391
184 204 205
2 7 2749 0 6 2322 0
-0.938015 -2.49966 5.93881
144 159 151
2 7 2751 0 6 2620 0
-1.81651 -1.11483 4.51184
124 134 119
2 7 2761 0 6 2375 0
1.22831 0.281512 2.8436
163 168 151
2 7 2767 0 6 2359 0
-0.866632 -0.223151 3.54136
212 239 241
2 7 2785 0 6 1231 0
-1.82067 -1.0158 4.4042
137 149 133
2 7 2795 0 6 3439 0
0.354806 -2.67295 6.09439
86 105 108
2 7 2801 0 6 3007 0
-1.57811 -0.437617 3.7602
172 194 193
2 7 2811 0 6 1260 0
-1.43962 -2.16182 5.56817
128 149 149
2 7 2822 0 6 2901 0
-1.16779 -0.255449 3.56717
79 99 98
2 7 2823 0 6 4879 0
-0.770252 -1.47782 4.39871
88 105 101
3 7 2850 0 6 3691 0 8 1850 0
-0.977901 -1.17206 4.09562
146 165 161
5 7 2865 0 6 4822 0 8 3514 0 9 2513 0 10 2120 0
-1.23133 -2.2779 5.69287
133 153 152
3 7 2876 0 6 2986 0 8 3868 0
-0.44488 -1.80199 5.11656
191 215 216
2 7 2890 0 6 2471 0
-1.106 -0.558955 3.85061
84 108 108
2 7 2916 0 6 2504 0
1.24944 0.2246 2.91706
78 85 68
3 7 2935 0 6 4833 0 8 2266 0
-1.75613 -0.264257 3.54329
81 98 92
2 7 2937 0 6 2370 0
-1.75613 -0.264257 3.54329
81 98 92
2 7 2938 0 6 2371 0
0.908757 -0.120528 3.217
64 66 52
2 7 2939 0 6 5804 0
-1.20445 -2.44356 5.85441
204 226 227
2 7 2942 0 6 3139 0
-2.02536 -0.859784 4.16635
146 156 144
2 7 2952 0 6 1656 0
-2.02536 -0.859784 4.16635
146 156 144
2 7 2953 0 6 1657 0
-0.518353 -1.4461 4.72022
129 155 153
2 7 2961 0 6 5243 0
-1.69246 -0.36368 3.66139
141 165 159
2 7 2973 0 6 1878 0
-1.36305 -0.350602 3.64368
187 211 209
2 7 2979 0 6 1307 0
-0.613989 -1.19611 4.50285
141 162 159
2 7 2982 0 6 3987 0
-1.06598 -0.368032 3.7344
162 185 185
2 7 2986 0 6 2080 0
-1.81265 0.169135 3.10592
185 207 203
2 7 3021 0 6 1690 0
-3.09604 -1.7086 5.3071
78 96 99
2 7 3031 0 6 3143 0
-1.07064 -2.32735 5.74894
106 120 113
3 7 3032 0 6 3682 0 8 2596 0
-1.33655 0.0760349 3.26786
119 142 140
3 7 3041 0 6 1840 0 8 4605 0
-0.509882 -2.22979 5.50059
113 137 134
2 7 3049 0 6 4698 0
-1.50346 0.37286 3.00804
48 66 62
2 7 3066 0 6 3785 0
-1.76775 -1.27407 4.64736
183 196 184
2 7 3071 0 6 2104 0
-1.23699 -0.151679 3.4709
64 85 83
2 7 3076 0 6 5163 0
-2.16396 -0.605414 3.96176
149 160 152
2 7 3136 0 6 1975 0
-0.310272 -1.61535 4.98114
60 77 77
2 7 3149 0 6 4670 0
-1.29185 -2.10177 5.49754
186 204 205
2 7 3168 0 6 2539 0
-1.75172 -1.28683 4.66234
91 101 88
2 7 3171 0 6 3488 0
-1.88997 -1.55468 4.94344
84 100 95
2 7 3185 0 6 2439 0
0.366858 0.167776 2.75848
132 129 124
2 7 3186 0 6 2841 0
1.64477 -1.54933 4.7855
85 98 93
2 7 3208 0 6 3235 0
1.64477 -1.54933 4.7855
85 98 93
2 7 3209 0 6 3234 0
-1.6132 0.194227 3.02421
134 148 144
2 7 3210 0 6 898 0
-1.81514 -1.0309 4.43122
71 82 68
2 7 3242 0 6 2672 0
-0.393712 -1.60689 4.86455
145 162 159
4 7 3248 0 6 4262 0 8 2732 0 9 1864 0
-1.71417 -1.68269 5.07011
142 158 155
2 7 3278 0 6 3273 0
-0.835915 -1.16158 4.4765
183 210 214
2 7 3287 0 6 2465 0
-1.25535 -0.682378 3.95382
223 248 249
2 7 3366 0 6 2305 0
-1.51929 0.272484 2.9235
127 146 142
2 7 3369 0 6 3772 0
-1.82365 -0.188898 3.45461
78 96 90
2 7 3383 0 6 1946 0
-1.44628 -0.364424 3.66077
201 224 225
2 7 3387 0 6 2653 0
-0.198167 -1.75156 5.16464
75 93 93
3 7 3398 0 6 5041 0 8 2741 0
-1.18755 0.462939 2.86193
102 125 125
2 7 3447 0 6 5213 0
0.358498 -0.598373 3.04444
105 107 106
2 7 3462 0 6 2946 0
-1.52664 -0.159322 3.43804
187 210 210
3 7 3480 0 6 1741 0 8 5392 0
-1.78619 -0.121372 3.41473
198 223 220
2 7 3505 0 6 1580 0
-0.972026 -0.898647 4.22885
131 156 156
2 7 3533 0 6 4522 0
-1.673 0.0814401 3.18166
168 189 189
3 7 3539 0 6 2187 0 8 4782 0
-1.19355 -0.21092 3.5151
68 88 85
2 7 3550 0 6 5603 0
-1.19508 -0.210382 3.51896
66 86 84
3 7 3551 0 6 5604 0 8 4319 0
0.0830677 -2.14768 5.60092
75 92 91
2 7 3552 0 6 5131 0
-0.449625 -1.49067 4.76123
85 103 101
2 7 3557 0 6 3520 0
0.451787 -0.692812 2.80116
174 160 140
2 7 3563 0 6 4184 0
-1.56339 -0.25356 3.5481
210 237 236
2 7 3567 0 6 1717 0
-1.17062 -0.963988 3.991
229 253 252
2 7 3575 0 6 1569 0
-0.147189 -1.84274 5.2579
81 98 99
3 7 3576 0 6 3484 0 8 2627 0
-1.78307 0.10326 3.16914
100 120 116
2 7 3580 0 6 1005 0
0.373132 -2.09903 5.48745
78 103 103
2 7 3584 0 6 5542 0
-0.455869 -1.5129 4.77116
139 154 151
4 7 3590 0 6 4301 0 8 3895 0 9 1535 0
-0.77522 -1.51631 4.84829
113 138 139
2 7 3614 0 6 2625 0
-1.85506 0.00498544 3.27727
165 188 187
3 7 3636 0 6 2232 0 8 5277 0
-0.603407 -1.22943 4.52772
156 178 177
2 7 3637 0 6 5106 0
-1.64853 0.0667407 3.19301
190 214 213
2 7 3649 0 6 1961 0
-1.64853 0.0667407 3.19301
190 214 213
2 7 3650 0 6 1960 0
-1.62739 -0.202055 3.49041
193 216 214
2 7 3657 0 6 1570 0
-0.937727 -1.01243 4.32857
155 183 182
2 7 3667 0 6 3539 0
-1.56819 -0.581479 3.89632
154 175 172
2 7 3672 0 6 3400 0
-1.2196 -0.661896 3.91921
116 139 136
2 7 3678 0 6 2113 0
-1.58585 -0.420125 3.74037
103 124 121
2 7 3708 0 6 1988 0
-1.51634 -0.497142 3.82222
71 91 86
2 7 3741 0 6 2864 0
-1.79959 -1.06977 4.46989
132 144 129
2 7 3753 0 6 2364 0
-0.982201 -0.890394 4.20464
62 82 81
2 7 3759 0 6 3802 0
-1.79477 -0.350816 3.61331
68 88 82
2 7 3802 0 6 2314 0
-0.804874 -0.961172 4.26312
114 135 135
2 7 3827 0 6 4736 0
-1.33413 0.0010183 3.29217
42 63 60
2 7 3909 0 6 6221 0
-1.49049 -1.77809 5.14413
155 170 158
2 7 3926 0 6 2277 0
-1.83587 -0.0818097 3.36982
86 106 102
2 7 3938 0 6 1754 0
-1.24473 -0.418186 3.70598
190 210 210
2 7 3991 0 6 3106 0
-1.34104 -0.387269 3.68206
201 224 224
2 7 4020 0 6 3303 0
1.20913 0.289806 2.88602
79 92 83
2 7 4022 0 6 3428 0
-0.337074 -1.5417 4.92172
113 131 131
3 7 4026 0 6 3512 0 8 3819 0
-0.824171 -1.31213 4.62232
168 194 195
2 7 4041 0 6 2828 0
-0.153704 -1.86672 5.2622
123 142 140
2 7 4048 0 6 3779 0
-2.7846 -1.62396 5.17119
88 110 106
2 7 4057 0 6 3737 0
-1.12972 -2.66693 6.07469
137 157 158
2 7 4060 0 6 5059 0
-0.423979 -1.55128 4.83689
87 104 102
2 7 4064 0 6 4098 0
-0.42557 -1.55659 4.84671
77 92 90
4 7 4065 0 6 4097 0 8 2835 0 9 2966 0
-0.961569 -2.49537 5.92585
111 126 118
2 7 4072 0 6 5402 0
-2.03872 -2.88058 6.54357
133 154 157
2 7 4099 0 6 5371 0
0.390769 0.109571 2.77527
175 170 166
2 7 4113 0 6 5281 0
-1.16042 -2.11062 5.55077
128 141 127
2 7 4144 0 6 4359 0
-2.50341 -0.893368 4.2649
156 173 170
2 7 4150 0 6 2528 0
-1.47282 -0.330556 3.62922
87 108 105
2 7 4166 0 6 2401 0
-2.25191 -0.968295 4.26654
230 248 248
2 7 4169 0 6 2514 0
-1.18327 0.811609 2.46651
69 61 47
2 7 4174 0 6 2095 0
-1.78465 -0.368696 3.63782
57 77 72
2 7 4186 0 6 4534 0
-1.78465 -0.368696 3.63782
57 77 72
2 7 4187 0 6 4533 0
0.677928 -2.16354 5.5149
184 204 205
2 7 4196 0 6 3047 0
-1.70097 -0.247508 3.55163
205 229 226
2 7 4211 0 6 1823 0
-1.90417 -0.21548 3.47263
185 207 203
2 7 4219 0 6 2861 0
-1.79191 -1.20421 4.58893
145 157 142
2 7 4235 0 6 2878 0
-2.03755 -0.829029 4.14796
186 203 195
3 7 4256 0 6 2218 0 8 5274 0
0.303464 0.22385 2.76891
168 164 158
2 7 4263 0 6 3588 0
0.129744 0.144988 2.81009
254 246 242
2 7 4276 0 6 3001 0
-2.03952 -0.7715 4.13291
89 100 89
2 7 4288 0 6 3229 0
-1.9082 -0.0519408 3.32073
172 192 193
2 7 4293 0 6 2978 0
-1.28324 0.0261934 3.36439
25 36 32
2 7 4314 0 6 2996 0
-1.95117 -0.812927 4.20587
136 147 129
2 7 4321 0 6 4338 0
-1.76438 -1.06061 4.50339
127 138 121
2 7 4328 0 6 3250 0
-0.88534 -1.3263 4.20151
146 166 161
2 7 4351 0 6 4852 0
-2.22981 -0.816943 4.17803
175 194 190
3 7 4356 0 6 3375 0 8 4402 0
-1.78395 -0.354239 3.63109
160 182 178
2 7 4358 0 6 3124 0
-0.863726 -0.940805 4.24852
170 192 192
2 7 4375 0 6 3591 0
-0.98465 -1.0031 4.32133
73 97 96
2 7 4379 0 6 4446 0
-1.51577 -0.780396 4.05272
163 185 184
3 7 4390 0 6 3265 0 8 4712 0
-1.51471 -0.780008 4.05028
173 195 192
2 7 4391 0 6 3264 0
-1.9045 -0.0639414 3.33861
57 72 69
2 7 4392 0 6 2645 0
0.0214045 -1.51049 4.85372
162 178 175
2 7 4402 0 6 5088 0
-1.21631 -0.190314 3.48005
121 141 137
2 7 4413 0 6 5162 0
-1.56714 0.468766 2.83943
164 181 177
2 7 4417 0 6 4047 0
-2.33037 -0.742043 4.1076
100 119 117
3 7 4457 0 6 2863 0 8 4679 0
-1.45054 -0.869449 4.13824
82 109 106
2 7 4509 0 6 6665 0
-1.64131 -0.0692771 3.34824
90 107 100
2 7 4512 0 6 2857 0
-1.62094 0.138709 3.10498
196 217 214
2 7 4538 0 6 3223 0
-1.62017 -1.50569 4.88003
168 184 174
2 7 4566 0 6 5860 0
-1.62017 -1.50569 4.88003
168 184 174
2 7 4567 0 6 5859 0
-1.84199 -0.00142666 3.28438
60 77 69
2 7 4581 0 6 2677 0
-1.42284 -0.938526 4.17314
112 137 136
2 7 4586 0 6 5331 0
-1.17072 -2.62279 6.02258
151 171 173
3 7 4614 0 6 5906 0 8 3629 0
-1.89041 -1.36856 4.35687
185 203 201
2 7 4615 0 6 2021 0
-1.18166 -2.11336 5.53385
111 125 116
2 7 4648 0 6 4594 0
-1.26353 0.00872314 3.38856
153 176 176
2 7 4665 0 6 2964 0
-0.857927 -1.08076 4.39931
178 206 206
2 7 4675 0 6 3237 0
-1.60452 0.181855 3.04861
136 154 151
2 7 4687 0 6 1678 0
0.317119 -0.702639 2.92747
151 152 150
2 7 4691 0 6 3952 0
-1.45914 -0.461799 3.77046
70 92 88
2 7 4707 0 6 2941 0
-1.32932 -0.434917 3.73859
171 194 194
2 7 4716 0 6 5624 0
-0.748183 -1.03762 4.3378
175 199 197
2 7 4749 0 6 4000 0
-1.8079 -1.56202 4.94303
87 105 98
2 7 4757 0 6 2904 0
0.0249517 -2.6649 6.00479
154 179 178
2 7 4758 0 6 6822 0
-2.0433 -1.16486 4.3013
229 247 246
2 7 4782 0 6 2477 0
-1.88573 -1.13728 4.51808
134 146 134
2 7 4792 0 6 3626 0
-1.99691 -0.745627 4.13911
125 136 121
2 7 4802 0 6 2191 0
-1.32542 -1.99553 5.39609
155 173 171
2 7 4818 0 6 3083 0
-1.2595 -0.114684 3.4254
69 89 90
3 7 4822 0 6 6716 0 8 4441 0
-1.8097 -0.215597 3.48808
204 226 223
2 7 4824 0 6 2724 0
-1.53352 0.318157 3.01266
106 124 123
2 7 4832 0 6 3448 0
-0.916154 -1.05545 4.37047
173 198 199
2 7 4840 0 6 5437 0
-1.68171 -1.30079 4.69092
92 105 87
2 7 4845 0 6 5269 0
-2.2636 -1.02906 4.31832
219 237 235
2 7 4848 0 6 3351 0
-0.736549 -1.10501 4.41432
172 195 194
2 7 4868 0 6 4202 0
-1.162 -2.18844 5.58767
163 178 174
2 7 4882 0 6 5701 0
-1.75068 -1.64407 5.02056
78 95 88
2 7 4889 0 6 5505 0
-1.7734 -1.05434 4.48835
73 84 66
2 7 4941 0 6 6058 0
-1.23002 -0.175011 3.46965
117 137 133
2 7 4959 0 6 4859 0
-1.5593 -1.77605 5.14359
98 114 99
2 7 4970 0 6 4612 0
-1.60198 0.162604 3.06903
119 135 131
2 7 4975 0 6 2509 0
-1.6956 0.266602 2.92257
94 111 107
2 7 4992 0 6 2358 0
-1.60906 -0.190123 3.48621
64 86 80
2 7 5018 0 6 2052 0
-1.32794 -0.322464 3.60302
122 144 142
2 7 5039 0 6 3082 0
-1.22483 -2.09601 5.51719
164 178 172
2 7 5052 0 6 5576 0
-1.91733 -0.96586 4.32186
107 115 104
2 7 5059 0 6 3828 0
-1.10886 -0.875541 3.98838
156 182 182
2 7 5065 0 6 4949 0
-1.69303 -0.328804 3.63491
65 87 81
2 7 5066 0 6 3467 0
-1.24233 -2.09612 5.50386
115 130 124
2 7 5072 0 6 7005 0
-1.64257 -0.589312 3.83822
154 176 173
2 7 5088 0 6 4321 0
-1.70671 -1.15595 4.60883
69 83 67
2 7 5124 0 6 6619 0
-1.8219 -0.997952 4.40896
85 98 80
2 7 5125 0 6 4746 0
-1.8219 -0.997952 4.40896
85 98 80
2 7 5126 0 6 4745 0
-2.01964 -0.830843 4.15972
122 132 115
2 7 5135 0 6 4876 0
0.318749 -0.662768 2.94516
99 99 97
2 7 5141 0 6 5578 0
-1.81282 -0.259747 3.52818
168 190 188
3 7 5150 0 6 2622 0 8 5140 0
-1.57787 0.478781 2.83059
157 179 176
2 7 5180 0 6 3175 0
-2.1171 -0.617785 3.98172
99 107 94
2 7 5195 0 6 5886 0
-1.80607 -1.47098 4.85335
119 136 129
2 7 5227 0 6 3750 0
-1.48002 -0.189998 3.47275
207 230 228
2 7 5271 0 6 3578 0
-1.89789 -0.912644 4.30861
87 97 79
2 7 5272 0 6 3522 0
-1.26048 -2.55895 5.95791
171 193 193
2 7 5282 0 6 7108 0
-1.51308 -1.80536 5.16976
65 78 69
2 7 5317 0 6 4778 0
-2.27094 -0.959379 4.2807
103 121 116
2 7 5365 0 6 5110 0
-0.725858 0.929845 2.26245
255 197 109
2 7 5380 0 6 2896 0
-0.744262 -1.4945 4.4513
65 87 81
2 7 5408 0 6 7142 0
-1.20407 -0.20944 3.501
128 151 148
2 7 5434 0 6 4437 0
-2.35281 -0.735463 4.10133
203 221 220
2 7 5463 0 6 2393 0
-1.26086 0.494701 2.78093
61 78 76
2 7 5480 0 6 4050 0
-1.19713 -0.39733 3.66914
108 126 124
2 7 5491 0 6 2984 0
-1.13779 -0.0351457 3.5024
22 37 38
2 7 5496 0 6 1395 0
-0.99663 -0.992586 4.31703
154 179 180
2 7 5508 0 6 4972 0
-1.15356 -0.53609 3.84555
94 119 118
2 7 5536 0 6 3505 0
0.153469 -0.702441 2.96309
129 130 128
2 7 5539 0 6 5156 0
-2.08993 -0.544357 3.98739
96 107 88
2 7 5572 0 6 4568 0
-1.74185 -0.257505 3.55076
133 153 148
2 7 5578 0 6 4913 0
-1.74185 -0.257505 3.55076
133 153 148
2 7 5579 0 6 4912 0
-2.19326 -0.549799 3.90468
197 210 206
2 7 5625 0 6 3636 0
-1.86159 0.125848 3.16198
191 213 211
2 7 5628 0 6 5780 0
-1.58608 -0.679623 3.94177
172 195 192
2 7 5651 0 6 4604 0
-1.50568 0.393203 3.00606
110 128 124
2 7 5666 0 6 5154 0
-1.50457 -1.76136 5.14923
115 130 117
2 7 5668 0 6 6701 0
-0.294293 -1.62959 5.02734
121 140 138
2 7 5681 0 6 6050 0
-1.84281 -0.29476 3.53999
171 192 188
2 7 5682 0 6 5826 0
-1.10208 -0.67457 3.92774
128 148 147
2 7 5686 0 6 4994 0
-1.10782 -0.789646 4.01734
173 201 200
2 7 5708 0 6 5588 0
-2.11862 -0.645862 3.99978
67 79 66
2 7 5730 0 6 5450 0
-1.24629 -0.158075 3.41175
126 147 144
2 7 5750 0 6 5571 0
-2.21254 -0.953593 4.24725
204 222 221
2 7 5819 0 6 4997 0
-2.04645 -0.748764 4.1183
91 101 91
2 7 5827 0 6 5086 0
-2.14526 -0.652891 4.00756
153 165 155
2 7 5831 0 6 4214 0
-1.92747 -0.862214 4.25659
125 134 117
2 7 5832 0 6 4475 0
-0.00366385 -0.28631 2.29637
219 211 209
2 7 5841 0 6 4134 0
-0.9357 -1.28343 4.61764
38 57 56
2 7 5845 0 6 6372 0
-1.26657 -0.00652127 3.40407
40 58 56
2 7 5853 0 6 4021 0
-0.558917 -2.23639 5.49301
146 166 164
2 7 5865 0 6 4431 0
-1.41035 0.234718 3.16631
113 130 128
2 7 5867 0 6 5880 0
-1.75928 -0.414718 3.68172
65 84 80
2 7 5870 0 6 6151 0
-1.35493 -2.59741 6.00031
209 230 231
2 7 5875 0 6 6124 0
-1.89934 -0.198914 3.46354
35 52 49
2 7 5889 0 6 4327 0
-0.182561 -0.292744 2.48173
226 219 217
2 7 5919 0 6 5436 0
-1.6756 -0.31651 3.62607
182 205 200
2 7 5939 0 6 3906 0
-1.26333 0.483073 2.78238
124 142 139
2 7 5955 0 6 5247 0
-1.2566 -0.140938 3.41489
65 87 81
2 7 5956 0 6 4737 0
-1.82082 -0.209 3.48385
105 125 119
2 7 5993 0 6 5140 0
1.29388 -0.185411 3.35463
92 111 111
2 7 6023 0 6 4323 0
-1.00227 -1.18369 4.07261
189 207 204
4 7 6024 0 6 4158 0 9 4284 0 10 4455 0
-1.77168 -0.406762 3.6613
142 163 159
2 7 6025 0 6 2975 0
-1.61189 -0.645161 3.90104
151 173 168
2 7 6044 0 6 5964 0
0.112161 0.136585 2.81696
247 240 235
2 7 6051 0 6 5724 0
-2.01248 -0.769698 4.15017
79 89 72
2 7 6066 0 6 6778 0
-1.66358 0.0414311 3.22614
180 201 199
2 7 6068 0 6 5423 0
-0.991499 -1.09058 4.09465
61 80 75
2 7 6078 0 6 5443 0
-1.78812 -1.49811 4.88567
151 168 159
2 7 6088 0 6 6037 0
-0.929648 -0.655774 3.94776
152 173 172
2 7 6105 0 6 5252 0
-2.26092 -0.687396 4.05258
86 101 93
2 7 6135 0 6 3256 0
-1.61385 -0.544425 3.83154
126 147 144
2 7 6136 0 6 5261 0
-1.35856 0.0651029 3.27641
54 73 70
2 7 6142 0 6 6439 0
-1.26435 -2.04405 5.45812
140 155 145
2 7 6171 0 6 6949 0
-0.188303 -2.02008 5.26366
142 162 162
2 7 6172 0 6 6311 0
-1.73649 -0.00393559 3.27893
80 100 94
2 7 6179 0 6 3718 0
1.07104 -1.7137 5.01805
106 126 124
2 7 6204 0 6 5533 0
-1.94805 -0.841591 4.2428
116 126 108
2 7 6214 0 6 4608 0
0.25424 -0.149112 2.54189
212 208 201
2 7 6219 0 6 4523 0
-1.46657 -0.862594 4.12549
151 176 175
3 7 6240 0 6 5908 0 8 4877 0
-1.48367 -0.864067 4.10778
148 172 169
2 7 6247 0 6 6341 0
-1.19615 -0.669099 3.95426
148 167 166
2 7 6268 0 6 6290 0
-2.0292 -0.750901 4.12583
160 171 156
2 7 6309 0 6 6064 0
-1.63824 -1.58513 4.96193
173 187 176
2 7 6356 0 6 4693 0
-1.67818 -0.290894 3.59703
174 196 194
2 7 6371 0 6 4971 0
-0.404085 -1.56588 4.85326
148 167 164
2 7 6372 0 6 5829 0
-1.82208 -0.332952 3.57935
171 192 187
2 7 6374 0 6 6394 0
-1.88941 -1.01119 4.38605
76 89 77
2 7 6407 0 6 6703 0
-1.19213 -0.242153 3.51388
59 78 77
2 7 6430 0 6 6315 0
-1.23503 -0.164571 3.45445
122 143 139
2 7 6438 0 6 6184 0
-1.44296 0.27711 3.07102
96 116 114
2 7 6468 0 6 6077 0
-1.59186 -0.640649 3.9306
168 190 186
2 7 6471 0 6 5033 0
-1.59186 -0.640649 3.9306
168 190 186
2 7 6472 0 6 5032 0
-1.48034 -0.541732 3.87349
156 184 182
2 7 6504 0 6 5682 0
-2.12569 -0.53851 3.92857
141 151 132
2 7 6514 0 6 5391 0
-2.65415 -1.37396 4.86028
144 163 160
2 7 6526 0 6 4710 0
-0.908996 -1.06851 4.38988
84 110 110
2 7 6547 0 6 6775 0
-1.59456 -0.40919 3.73497
161 187 183
2 7 6548 0 6 5017 0
-1.59456 -0.40919 3.73497
161 187 183
2 7 6549 0 6 5016 0
-1.58143 -1.77167 5.07864
89 104 90
2 7 6573 0 6 4122 0
-2.01364 -0.796722 4.16001
120 131 109
2 7 6596 0 6 5040 0
-1.45098 -0.351838 3.65289
95 117 113
2 7 6611 0 6 6859 0
-1.72301 -1.35069 4.73202
174 190 180
2 7 6643 0 6 6967 0
-1.77356 -0.281255 3.55575
176 200 196
2 7 6645 0 6 6069 0
-1.64985 -0.415095 3.73767
101 122 118
2 7 6679 0 6 5618 0
-1.22886 -0.649347 3.90528
212 233 233
2 7 6681 0 6 5787 0
-1.74565 -0.146175 3.44134
196 220 217
2 7 6687 0 6 4164 0
-1.35384 0.158044 3.23661
106 125 123
2 7 6724 0 6 5911 0
-1.74962 -1.30742 4.68484
162 178 166
2 7 6754 0 6 6632 0
0.337382 0.239701 2.82939
173 170 167
2 8 207 0 6 208 0
-0.31204 -1.57354 4.96772
84 104 106
3 8 3215 0 6 3821 0 7 4874 0
0.272283 0.174748 2.7629
243 235 233
2 8 4379 0 6 6295 0
0.334532 0.15923 2.76342
169 164 160
2 8 5064 0 6 5858 0
-1.54914 -0.653188 3.9546
130 153 152
2 8 548 0 7 310 0
-0.035445 0.751329 2.44743
103 111 106
2 8 562 0 7 363 0
-0.035445 0.751329 2.44743
103 111 106
2 8 563 0 7 364 0
-1.0388 0.115993 3.20028
174 198 202
2 8 728 0 7 349 0
0.533222 0.231762 2.71755
181 178 178
2 8 781 0 7 500 0
-0.33596 0.686334 2.52453
125 128 102
2 8 782 0 7 378 0
-1.67224 -0.512025 3.78335
59 80 79
2 8 870 0 7 533 0
-1.2226 -0.0978974 3.44371
137 161 161
2 8 1570 0 7 1274 0
-1.11742 -0.285125 3.64858
122 146 146
2 8 1631 0 7 899 0
-1.11742 -0.285125 3.64858
122 146 146
2 8 1632 0 7 900 0
0.854 -0.106202 3.13183
108 102 94
2 8 1706 0 7 1302 0
-1.5617 -0.489826 3.81647
186 209 210
2 8 1913 0 7 648 0
0.607385 0.151041 2.81216
129 129 125
2 8 2078 0 7 1986 0
-1.53595 -0.75392 4.0156
90 114 113
2 8 2368 0 7 1331 0
-0.249204 0.56302 2.67771
148 151 127
2 8 2486 0 7 928 0
0.53412 0.185404 2.77903
136 136 134
2 8 2646 0 7 2453 0
0.534059 0.0733803 2.79958
169 168 168
2 8 2708 0 7 3905 0
0.509613 0.181682 2.76385
177 173 173
2 8 2750 0 7 2106 0
0.69226 -0.157883 3.00422
96 95 90
2 8 2774 0 7 993 0
-1.57115 -0.280892 3.57032
194 218 220
2 8 2858 0 7 1995 0
0.461598 0.162338 2.75935
186 181 183
2 8 2889 0 7 2954 0
-0.941617 0.0510898 3.30337
48 66 65
2 8 3249 0 7 3809 0
-0.99602 -1.09304 4.06044
101 125 125
2 8 3266 0 7 3461 0
-0.949169 0.0610538 3.28832
115 132 133
2 8 3316 0 7 2426 0
-1.11811 -0.26081 3.64972
78 98 93
3 8 3340 0 7 2103 0 10 2053 0
0.155815 0.471545 2.74731
118 131 124
2 8 3385 0 7 3751 0
-0.13796 0.396829 2.85338
122 139 138
2 8 3422 0 7 3144 0
-1.48614 -0.786433 4.09045
123 149 149
2 8 3506 0 7 1648 0
0.089576 0.0941923 2.85442
161 159 153
2 8 3529 0 7 2132 0
-1.72154 -0.46751 3.7425
67 89 88
2 8 3619 0 7 4376 0
-1.3824 0.103352 3.23946
29 48 48
2 8 3654 0 7 3230 0
-1.4718 -0.883865 4.10983
99 124 124
2 8 4150 0 7 3053 0
-0.956131 0.0486641 3.28165
85 106 106
2 8 4225 0 7 5151 0
-1.53635 -0.214241 3.50859
169 192 193
2 8 4228 0 7 1754 0
-1.18178 -0.253737 3.55653
123 149 147
2 8 4373 0 7 6381 0
-0.845213 -0.245916 3.54038
110 133 139
2 8 4565 0 7 4126 0
0.508512 0.0771278 2.78891
146 144 145
2 8 4732 0 7 4507 0
-1.56658 -0.316224 3.62505
162 184 186
2 8 4738 0 7 2506 0
0.305295 0.198507 2.75805
205 197 198
2 8 4819 0 7 3337 0
-1.4882 -0.872769 4.08908
101 124 123
2 8 4903 0 7 3617 0
0.446704 0.20068 2.76108
194 189 190
2 8 4967 0 7 6688 0
-1.34349 0.00904408 3.32057
118 141 139
2 8 5180 0 7 4932 0
-1.48661 0.321808 3.02048
125 143 144
2 9 1415 0 8 948 0
-1.54234 0.330357 2.99088
100 116 117
2 9 2415 0 8 2016 0
-1.50484 0.376893 3.00363
52 70 70
2 9 2691 0 8 2807 0
-1.20101 0.478177 2.8721
99 117 119
2 9 4507 0 8 4581 0
0.791973 0.0864842 2.97514
144 137 132
2 9 5123 0 8 5121 0
