drews 1.0
16 881
0.834782 0.0727671 -0.155502
0.882523 -0.379619 0.277653
0.469368 0.748991 -0.46777
-0.0303926 0.54312 0.839168
-1.32218 1.80988 0.348089
0.836455 0.0607646 -0.0967125
0.898209 -0.350554 0.265256
0.327637 0.9362 0.127869
-0.293159 -0.0279428 0.955755
-1.33658 -0.402152 0.147221
0.838555 0.0739945 -0.134633
0.575414 -0.637109 0.512865
0.61192 0.75146 0.24688
-0.542653 0.171765 0.822268
-2.27012 -1.13933 0.782861
0.847643 0.139633 -0.433197
0.161202 -0.795403 0.584297
0.745436 0.486145 0.456118
-0.646806 0.362007 0.671274
-2.38755 -2.23212 1.5652
0.82429 0.246877 -1.04367
-0.361617 -0.776323 0.516494
0.694253 0.145587 0.704876
-0.622419 0.613463 0.486305
-1.76837 -3.35564 2.4475
0.640592 0.315521 -0.838251
-0.686282 -0.610471 0.395869
0.538068 -0.0591965 0.840981
-0.489964 0.790139 0.369114
-1.22092 -3.76296 2.2604
0.859988 -0.214812 3.2147
-0.961084 -0.263098 0.0848248
0.153158 -0.251463 0.9558
-0.230148 0.931566 0.28198
0.252154 -4.00295 2.94821
0.865936 -0.289154 2.41322
-0.987511 0.034945 -0.15395
-0.157644 -0.267384 0.950689
-0.0078897 0.963059 0.269523
1.07114 -3.76558 2.87097
0.847705 0.120223 -0.376174
-0.897188 0.315937 -0.308619
-0.394013 -0.256829 0.882502
0.199556 0.913366 0.35491
1.59549 -3.4309 2.41115
0.82314 0.063202 -0.101227
-0.561811 0.652964 -0.507995
-0.702456 -0.0521511 0.709952
0.437028 0.755725 0.487954
2.22957 -2.6916 1.71985
0.826539 0.0631038 -0.100718
-0.0518846 0.800364 -0.597356
-0.851525 0.277048 0.44522
0.521806 0.531781 0.667151
2.48221 -1.75544 0.994503
0.83146 0.0687715 -0.129757
0.48545 0.716731 -0.500669
-0.76104 0.628282 0.161526
0.430322 0.302624 0.850458
2.3224 -0.67505 0.630286
0.855503 0.0644305 -0.167317
0.909208 0.32345 -0.262885
-0.341012 0.939831 -0.0225698
0.239756 0.110194 0.964791
1.11142 -0.190925 0.235573
0.836165 0.0716434 -0.136547
0.999986 -0.0103643 -0.0083356
0.0101765 0.999833 -0.0180504
0.00851645 0.0179646 0.999913
0.0536687 0.0359947 -0.143191
0.84021 0.0843046 -0.178989
0.934536 -0.293706 0.200988
0.296268 0.954958 0.017915
-0.197182 0.0428029 0.97945
-0.974681 -0.194393 0.122901
0.832584 0.068065 -0.110303
0.886039 -0.371707 0.277114
0.369146 0.927228 0.0634586
-0.280534 0.0460687 0.958772
-1.30269 -0.259551 0.0829456
-0.224174 0.130431 3.20252
158 152 126
4 1 80 0 0 40 0 14 85 0 15 72 0
-0.224174 0.130431 3.20252
158 152 126
4 1 81 0 0 39 0 14 84 0 15 71 0
-0.17712 0.20001 3.1477
150 144 121
3 1 108 0 0 61 0 15 103 0
0.119635 0.122965 3.42732
90 93 79
4 1 184 0 0 485 0 2 539 0 13 591 0
1.48071 -0.609603 3.87836
235 223 194
6 1 213 0 0 67 0 6 118 0 13 231 0 12 348 0 14 169 0
0.945578 -0.288445 3.60521
201 190 164
8 1 257 0 0 282 0 8 975 0 9 1019 0 13 186 0 12 398 0 14 520 0 15 329 0
1.05887 0.625041 3.33055
200 197 196
5 1 298 0 0 392 0 2 315 0 14 356 0 15 278 0
1.05882 0.625052 3.33074
198 196 195
6 1 299 0 0 393 0 2 316 0 15 277 0 12 630 0 14 355 0
0.528648 0.60763 3.31618
125 122 119
2 1 329 0 0 249 0
1.19159 0.337133 3.55697
184 180 180
6 1 350 0 0 418 0 3 466 0 2 418 0 14 794 0 15 484 0
1.19096 0.335994 3.55602
177 174 174
3 1 351 0 0 419 0 15 483 0
-0.214098 0.205458 3.13129
152 152 135
6 1 377 0 0 596 0 2 486 0 3 790 0 14 512 0 15 320 0
1.26751 0.333636 3.56184
130 127 126
5 1 391 0 0 450 0 2 209 0 3 189 0 15 296 0
1.13706 0.233705 3.62503
105 105 103
3 1 411 0 0 388 0 2 459 0
1.09896 0.349539 3.54034
147 146 145
5 1 424 0 0 370 0 2 326 0 3 313 0 14 461 0
1.09972 0.349584 3.5396
153 151 151
11 1 425 0 0 371 0 2 327 0 3 314 0 4 410 0 5 817 0 7 798 0 12 675 0 11 778 0 14 462 0 15 412 0
1.28756 -0.504007 3.7898
192 183 157
11 1 458 0 0 184 0 2 364 0 6 409 0 7 486 0 8 507 0 9 773 0 12 525 0 13 535 0 14 470 0 15 385 0
0.466342 0.759031 3.19785
121 120 120
6 1 459 0 0 780 0 2 581 0 13 676 0 14 631 0 15 556 0
0.95299 0.483185 3.42922
109 108 106
4 1 461 0 0 483 0 2 446 0 5 846 0
1.26843 0.247212 3.62652
114 114 111
4 1 467 0 0 328 0 7 820 0 15 361 0
1.26819 0.247012 3.62696
115 114 112
8 1 468 0 0 329 0 4 486 0 5 536 0 6 1036 0 7 819 0 12 1192 0 15 360 0
-0.400851 -0.0707386 3.22815
72 71 53
2 1 477 0 15 708 0
1.41375 -0.733099 3.96782
236 224 195
8 1 479 0 0 141 0 2 377 0 6 267 0 8 624 0 13 577 0 14 500 0 15 394 0
0.743153 0.984967 3.04225
91 89 85
6 1 503 0 0 1078 0 2 627 0 13 711 0 14 662 0 15 469 0
0.399731 0.0333096 3.51225
141 142 125
5 1 531 0 0 358 0 12 735 0 13 825 0 14 713 0
0.729548 0.874837 3.12351
180 178 175
5 1 541 0 0 1106 0 13 872 0 14 682 0 15 636 0
1.45339 -0.470598 3.77698
234 221 194
6 1 546 0 0 353 0 12 1055 0 13 979 0 14 627 0 15 577 0
0.915062 0.279021 3.58147
190 188 186
7 1 608 0 0 663 0 2 551 0 9 1197 0 14 650 0 6 923 0 15 571 0
0.884125 0.537961 3.38678
194 192 191
8 1 625 0 0 902 0 2 712 0 3 943 0 12 1182 0 13 1012 0 14 745 0 15 687 0
1.13254 0.335912 3.55039
144 143 142
5 1 627 0 0 1011 0 2 567 0 14 932 0 15 635 0
-0.377289 -0.0822677 3.20255
163 160 141
2 1 648 0 15 728 0
1.00714 0.400501 3.49664
134 133 133
3 1 656 0 0 912 0 15 590 0
1.13321 0.346811 3.54263
117 117 116
3 1 671 0 0 701 0 15 693 0
-0.637714 0.802578 3.09954
142 141 138
6 1 674 0 0 718 0 2 1079 0 13 614 0 14 835 0 15 630 0
1.28594 0.317388 3.57715
183 180 179
5 1 680 0 0 1258 0 2 649 0 14 1074 0 15 807 0
1.57479 -0.589646 3.86995
212 197 167
5 1 699 0 0 376 0 14 718 0 13 699 0 15 669 0
1.2952 -0.468714 3.76722
239 226 198
6 1 729 0 0 480 0 12 1327 0 13 1156 0 14 760 0 15 789 0
0.42028 -0.524236 3.69111
217 205 174
5 1 839 0 0 442 0 15 397 0 13 1241 0 12 935 0
-0.617663 -1.02968 4.47314
132 130 126
4 1 845 0 2 706 0 14 666 0 15 732 0
1.32494 0.347492 3.5585
118 111 108
3 1 856 0 0 1062 0 15 943 0
0.258525 -0.227521 3.46346
151 146 123
3 1 917 0 0 725 0 15 902 0
1.19338 -0.462002 3.75403
196 187 160
6 1 936 0 0 511 0 2 751 0 6 697 0 13 1268 0 15 888 0
0.467826 0.44043 3.43618
164 162 157
4 1 937 0 0 1264 0 14 1065 0 15 1054 0
0.468217 0.439616 3.43595
166 164 159
3 1 938 0 0 1265 0 14 1066 0
0.990786 -0.558598 3.8119
202 192 168
2 1 953 0 0 796 0
-1.494 0.506059 3.26992
107 104 99
4 0 688 0 13 773 0 14 827 0 15 1101 0
0.739298 -0.109501 3.63502
184 175 148
6 1 964 0 0 605 0 13 1101 0 12 1244 0 11 1178 0 14 1117 0
0.739298 -0.109501 3.63502
184 175 148
6 1 965 0 0 604 0 12 1245 0 11 1179 0 13 1100 0 14 1116 0
0.914925 0.279603 3.58243
178 176 175
4 2 553 0 0 664 0 15 572 0 14 651 0
0.46397 0.747424 3.2017
91 90 88
4 2 560 0 0 917 0 14 1020 0 13 1272 0
1.42342 -0.722967 3.95846
197 187 159
10 2 615 0 0 684 0 1 629 0 5 372 0 6 411 0 7 776 0 14 545 0 13 751 0 12 922 0 15 601 0
1.1985 0.328792 3.56606
121 118 117
4 2 659 0 0 1124 0 1 640 0 15 791 0
1.29438 -0.532256 3.81136
191 189 168
4 2 670 0 0 408 0 5 554 0 6 830 0
0.884139 0.537666 3.38665
194 193 192
7 2 711 0 0 901 0 3 942 0 12 1183 0 13 1013 0 14 743 0 15 686 0
0.428685 -0.538531 3.70634
162 156 136
2 2 732 0 0 758 0
0.620494 -0.437645 3.67855
180 172 146
3 2 847 0 0 677 0 14 310 0
1.33744 0.355455 3.55089
102 98 97
5 2 876 0 0 985 0 15 586 0 1 754 0 14 869 0
-0.544416 -1.21629 4.60789
123 121 119
3 2 35 0 1 71 0 3 42 0
-0.311159 -0.0131521 3.30104
159 154 127
4 2 48 0 1 54 0 14 63 0 15 52 0
0.40105 -0.732409 3.82701
55 55 37
4 2 57 0 1 76 0 14 71 0 15 58 0
-0.11141 -0.527658 3.6642
50 49 33
2 2 84 0 1 118 0
-0.28924 -0.096461 3.38364
171 167 144
2 2 95 0 1 93 0
-0.286318 -0.0975567 3.3803
169 164 139
3 2 96 0 1 92 0 14 89 0
0.0798151 -0.449167 3.7653
120 131 123
2 1 165 0 15 147 0
1.47385 -0.585899 3.85727
211 195 163
4 2 169 0 1 400 0 13 471 0 14 386 0
1.12459 -0.393742 3.70465
219 211 187
3 2 186 0 1 248 0 6 254 0
-0.340446 -0.289196 3.51445
250 246 220
4 2 187 0 1 303 0 14 340 0 15 322 0
-0.199074 0.204133 3.13827
250 245 220
4 2 210 0 1 199 0 3 238 0 14 142 0
-0.197257 0.204659 3.1366
249 241 214
4 2 211 0 1 198 0 14 143 0 15 161 0
0.47261 -0.0809666 3.55762
111 119 104
2 2 219 0 1 220 0
0.561823 0.00107107 3.5543
162 170 156
3 2 247 0 1 268 0 15 305 0
0.81984 -0.109658 3.64362
190 193 178
3 2 303 0 1 276 0 14 320 0
1.19293 -0.551184 3.81221
230 216 186
3 2 360 0 1 404 0 14 481 0
0.5555 0.25872 3.57553
44 48 47
2 2 387 0 1 361 0
-0.365846 -0.28486 3.45807
177 177 156
5 2 444 0 1 355 0 3 438 0 15 347 0 14 365 0
0.561977 -0.0127574 3.5597
117 120 105
2 2 505 0 1 549 0
0.730233 0.204253 3.6256
175 177 173
6 2 547 0 1 374 0 3 678 0 4 711 0 14 521 0 15 382 0
1.29815 0.311176 3.57828
96 94 94
4 2 635 0 1 492 0 14 547 0 15 466 0
0.585504 0.680046 3.27278
93 91 88
2 2 639 0 1 592 0
1.25793 -0.839246 4.04083
240 226 196
5 2 744 0 1 902 0 3 643 0 14 1035 0 15 804 0
0.991163 -0.55826 3.8112
193 182 155
2 2 813 0 1 954 0
1.14459 0.679116 3.29684
188 184 180
3 2 886 0 1 771 0 15 822 0
0.0277305 -0.55908 3.69732
208 208 185
4 2 1058 0 1 663 0 14 753 0 15 970 0
0.979648 0.409353 3.48977
139 138 138
4 3 389 0 0 432 0 2 350 0 14 485 0
0.996455 0.363685 3.52332
167 167 166
2 3 1074 0 0 1349 0
0.996455 0.363685 3.52332
167 167 166
2 3 1075 0 0 1350 0
-0.137031 0.2018 3.19497
166 167 146
2 3 57 0 2 33 0
0.774924 0.198487 3.64275
111 112 109
2 3 61 0 2 26 0
0.936626 0.62018 3.32256
110 110 108
2 3 93 0 2 44 0
0.598225 -0.559283 3.78214
184 181 159
2 3 118 0 2 109 0
-0.365405 -0.261123 3.33927
181 181 159
2 3 123 0 2 101 0
-0.321675 -0.00645655 3.26754
255 255 231
2 3 144 0 2 141 0
-0.321675 -0.00645655 3.26754
255 255 231
2 3 145 0 2 142 0
-0.166563 0.202306 3.13957
167 165 141
3 3 173 0 2 106 0 4 219 0
-0.398696 -0.274778 3.30516
212 209 183
2 3 251 0 2 320 0
-0.56647 -0.688874 4.20945
144 135 124
2 3 340 0 2 230 0
-0.352621 -0.303152 3.43122
214 210 189
2 3 354 0 2 425 0
1.28724 -0.504308 3.79036
192 188 165
4 3 360 0 2 365 0 6 410 0 9 772 0
0.979467 0.409743 3.4907
147 147 146
2 3 390 0 2 351 0
1.13345 0.375959 3.54046
121 119 117
2 3 447 0 2 336 0
-0.226185 0.132745 3.14429
197 193 168
3 3 503 0 2 463 0 4 1071 0
-0.35511 -0.29563 3.49763
190 184 161
3 3 509 0 2 611 0 4 527 0
-0.563142 -0.65959 4.20042
165 155 144
3 3 553 0 2 471 0 4 771 0
-0.563142 -0.65959 4.20042
165 155 144
3 3 554 0 2 472 0 4 772 0
0.352912 -0.562217 3.71148
179 181 160
2 3 576 0 2 184 0
1.01071 0.398891 3.49559
155 154 154
3 3 580 0 2 524 0 4 805 0
-0.104702 -0.547658 3.64375
198 200 181
3 3 611 0 2 586 0 4 714 0
0.740449 1.08258 2.96947
184 181 178
4 3 662 0 2 383 0 13 493 0 14 361 0
0.696131 0.643226 3.2954
143 139 138
2 3 709 0 2 502 0
0.112147 -0.617941 3.81021
171 173 155
2 3 805 0 2 990 0
1.12888 0.24728 3.61782
194 191 190
2 3 852 0 2 825 0
0.919909 0.596186 3.33785
137 137 134
2 3 871 0 2 811 0
0.929438 0.271678 3.58416
101 98 96
2 3 981 0 2 737 0
0.662375 -0.345994 3.54144
195 196 172
2 3 1073 0 2 616 0
0.331738 -0.688988 3.78374
185 180 156
2 0 859 0 8 694 0
0.678444 0.234918 3.56311
141 139 139
2 4 26 0 3 32 0
1.00085 -1.06558 4.58941
211 204 198
4 4 347 0 3 433 0 7 224 0 8 258 0
1.05842 0.62453 3.33136
222 220 220
3 4 673 0 3 377 0 12 629 0
1.09226 0.338609 3.54332
126 123 122
3 4 776 0 3 488 0 15 782 0
1.65135 0.908967 3.14761
105 102 100
4 4 820 0 3 484 0 13 668 0 14 586 0
1.28213 0.321502 3.58396
208 204 203
2 4 996 0 3 468 0
1.28213 0.321502 3.58396
208 204 203
2 4 997 0 3 469 0
0.0254254 -0.324151 3.51552
194 192 169
2 0 739 0 14 615 0
0.979426 0.408956 3.4881
148 147 147
4 5 1130 0 0 431 0 4 522 0 14 486 0
0.107196 -0.286552 3.62391
179 178 156
2 0 1337 0 14 337 0
1.31335 -0.513174 3.79774
191 189 167
5 5 138 0 2 272 0 6 291 0 8 419 0 7 467 0
1.2972 -0.492439 3.78452
218 210 185
5 5 491 0 2 440 0 6 607 0 15 599 0 13 1017 0
1.29902 -0.494249 3.78181
198 196 174
2 5 492 0 2 441 0
1.22761 -0.695897 3.93056
182 180 158
3 5 651 0 2 617 0 6 618 0
1.1409 -0.476573 3.76257
194 186 161
5 5 796 0 2 696 0 6 815 0 15 1095 0 14 1129 0
1.48999 -0.634537 3.89776
200 198 178
2 6 98 0 0 47 0
1.11448 -0.62909 3.87315
188 183 161
3 6 803 0 0 620 0 2 978 0
1.4899 -0.638104 3.90286
194 192 172
2 6 928 0 0 960 0
1.10595 -0.397237 3.70304
218 217 198
2 6 1082 0 0 503 0
0.588343 -0.562335 3.8185
204 199 173
2 1 341 0 15 639 0
1.37658 -0.554102 3.8327
231 217 189
6 6 252 0 1 310 0 2 250 0 13 351 0 14 315 0 15 289 0
1.11721 -0.411704 3.71495
197 184 156
4 6 289 0 1 236 0 14 216 0 13 275 0
1.14106 -0.423732 3.72272
204 193 165
6 6 310 0 1 380 0 7 493 0 14 403 0 13 438 0 15 351 0
1.14106 -0.423732 3.72272
204 193 165
6 6 311 0 1 379 0 14 402 0 7 492 0 13 437 0 15 350 0
1.27146 -0.771046 3.98583
212 199 171
7 6 321 0 1 780 0 13 1401 0 14 803 0 7 696 0 0 458 0 15 911 0
1.57066 -0.64506 3.91144
231 225 202
2 6 316 0 2 252 0
1.07524 -0.822065 4.01229
222 216 192
2 6 416 0 2 812 0
1.47996 -0.644534 3.90567
233 223 196
3 6 451 0 2 369 0 15 949 0
1.37816 -0.894516 4.08523
227 222 197
2 6 496 0 2 846 0
1.45258 -0.471533 3.77574
216 212 192
3 6 588 0 2 509 0 8 1055 0
1.18841 -0.645427 3.88955
195 190 166
2 6 669 0 2 1010 0
1.19342 -0.535819 3.80862
199 193 171
2 6 711 0 2 422 0
1.11394 -0.628613 3.87352
186 181 157
2 6 804 0 2 977 0
1.41674 -0.694107 3.93625
234 225 198
3 6 814 0 2 840 0 15 1152 0
1.31976 -0.410161 3.72235
186 183 162
2 6 872 0 2 693 0
1.4492 -0.623553 3.88884
197 191 168
2 6 1035 0 2 808 0
1.38086 -0.772441 3.994
190 184 159
2 6 1147 0 2 1008 0
1.24978 0.321613 3.57053
142 141 140
2 6 103 0 4 46 0
1.32209 -0.491231 3.78267
193 184 157
5 6 592 0 5 826 0 15 742 0 13 1024 0 12 950 0
1.29462 -0.538912 3.82208
214 216 198
2 6 704 0 5 670 0
1.32138 -0.501899 3.78995
207 210 190
2 6 1015 0 5 1097 0
1.31015 -0.703275 3.94082
216 217 199
2 6 1050 0 5 994 0
1.117 -0.411204 3.71259
198 189 164
9 7 319 0 0 86 0 6 290 0 8 311 0 9 419 0 14 217 0 13 276 0 12 236 0 15 176 0
1.2394 -0.688509 3.92226
232 224 199
7 7 596 0 0 319 0 8 551 0 14 1089 0 6 864 0 2 1038 0 15 987 0
1.31036 -0.527421 3.80836
232 224 198
7 7 673 0 0 289 0 8 724 0 2 448 0 9 1094 0 13 789 0 14 685 0
1.42742 -0.688602 3.93423
200 191 166
6 7 682 0 0 472 0 8 965 0 14 893 0 15 780 0 3 543 0
1.42314 -0.721616 3.95981
203 199 179
2 7 777 0 0 683 0
1.35558 -0.805247 4.01691
212 203 177
6 7 801 0 0 691 0 8 881 0 14 953 0 6 626 0 13 1116 0
1.28378 -0.540114 3.8145
233 224 200
3 7 892 0 0 517 0 14 1168 0
1.37412 -0.814388 4.02464
205 194 167
4 7 904 0 0 680 0 14 1153 0 15 981 0
0.47489 -0.475814 3.66227
207 200 176
3 7 928 0 0 711 0 15 1100 0
0.899556 -0.518246 3.77572
202 199 179
3 7 1030 0 0 497 0 8 988 0
1.1305 -0.575366 3.83253
212 201 174
6 7 1068 0 0 603 0 8 1044 0 14 1091 0 13 1278 0 15 1043 0
1.13046 -0.575406 3.83316
211 200 174
6 7 1069 0 0 602 0 6 1001 0 13 1277 0 14 1090 0 15 1044 0
1.00034 -1.0663 4.58856
206 200 194
3 7 225 0 3 432 0 8 259 0
0.08565 -0.227576 3.47942
169 166 139
3 7 193 0 5 168 0 8 156 0
0.388589 -0.553819 3.72942
189 189 168
2 7 898 0 5 1268 0
0.517359 -0.610292 3.77255
191 186 158
3 7 95 0 6 87 0 8 334 0
1.1912 0.325094 3.57633
148 146 145
2 7 191 0 6 172 0
0.773418 -0.807758 3.90659
221 218 198
2 7 523 0 6 389 0
0.484558 0.43288 3.43027
139 136 132
2 7 726 0 6 899 0
0.45365 -0.270889 3.504
148 144 120
3 7 752 0 6 417 0 8 669 0
1.36802 -0.532544 3.81531
211 205 183
4 7 916 0 6 672 0 8 970 0 15 698 0
1.36802 -0.532544 3.81531
211 205 183
4 7 917 0 6 673 0 15 697 0 8 969 0
0.711251 -1.09762 4.61171
85 80 73
2 7 944 0 6 1177 0
1.09466 -0.39742 3.70968
204 202 183
2 7 1032 0 6 1066 0
1.13121 -0.639198 3.87899
209 207 187
2 7 1055 0 6 1058 0
1.13492 0.353227 3.5359
201 197 197
2 7 1081 0 6 850 0
0.530252 -0.601126 3.8019
255 255 233
2 8 193 0 0 342 0
1.33304 0.209795 3.65462
156 155 154
4 8 287 0 0 77 0 7 174 0 6 218 0
1.00262 -0.338926 3.6513
228 222 200
5 8 461 0 0 163 0 7 542 0 9 699 0 12 677 0
0.530385 -0.462528 3.65312
162 156 132
2 8 541 0 0 250 0
0.540936 -0.454673 3.64629
193 186 163
2 8 676 0 0 478 0
0.19631 -0.597556 3.73247
215 210 187
3 8 754 0 0 516 0 9 1027 0
0.917136 -0.414984 3.70067
191 181 157
4 8 810 0 0 427 0 14 630 0 15 735 0
0.49085 -0.445465 3.637
222 211 183
4 8 929 0 0 568 0 14 1200 0 13 965 0
0.948675 -0.427976 3.71339
204 201 180
2 8 1032 0 0 873 0
-0.0499812 -0.540718 3.64842
164 158 142
2 8 1058 0 0 1296 0
0.440149 -1.01003 4.51591
115 110 105
2 8 302 0 2 709 0
0.440149 -1.01003 4.51591
115 110 105
2 8 303 0 2 710 0
0.518572 0.839761 3.12704
160 154 153
2 8 102 0 6 121 0
0.244072 -0.134743 3.3878
202 199 177
2 8 9 0 7 2 0
0.205602 -0.0955025 3.33177
206 203 183
2 8 29 0 7 45 0
1.28049 0.264917 3.60224
135 135 133
2 8 280 0 7 269 0
0.518312 -0.538755 3.70669
201 197 172
2 8 329 0 7 805 0
1.17766 1.14829 2.92776
148 148 152
2 8 375 0 7 439 0
1.13447 -0.366842 3.66899
232 230 209
2 8 469 0 7 481 0
1.03499 -0.428709 3.71969
208 200 174
5 8 556 0 7 594 0 9 923 0 14 479 0 15 481 0
0.531251 0.594443 3.31565
167 163 160
2 8 583 0 7 683 0
0.319489 -0.20744 3.46575
148 145 122
2 8 737 0 7 564 0
0.484317 -0.62885 3.75505
189 188 166
2 8 985 0 7 1066 0
0.866527 -0.363138 3.62842
230 228 208
2 9 289 0 0 1008 0
-1.15442 0.897841 2.99761
85 83 78
7 9 657 0 0 1049 0 10 467 0 11 320 0 13 659 0 14 778 0 15 843 0
1.00288 -0.339514 3.65104
231 222 197
7 9 700 0 0 164 0 8 462 0 7 543 0 12 676 0 13 619 0 14 623 0
1.25161 -0.849756 4.04262
206 196 169
10 9 797 0 0 296 0 14 639 0 2 338 0 1 642 0 6 242 0 13 873 0 15 520 0 8 396 0 7 371 0
1.22771 -0.695948 3.92805
205 202 180
2 9 1192 0 0 465 0
0.471325 -0.444001 3.63698
214 212 184
3 9 1297 0 0 819 0 10 998 0
0.45804 -0.367206 3.58049
61 62 50
2 9 1326 0 0 893 0
0.916525 0.278807 3.58023
213 210 208
2 9 1198 0 2 552 0
0.401008 -0.341589 3.51387
219 217 191
2 9 804 0 7 755 0
-0.26458 -0.309275 3.87438
147 138 112
3 9 5 0 8 4 0 10 4 0
0.0754611 -0.563139 3.83064
52 52 41
2 9 7 0 8 7 0
0.611342 -0.292548 3.51936
227 222 189
2 9 11 0 8 12 0
0.611342 -0.292548 3.51936
227 222 189
2 9 12 0 8 11 0
-0.330684 -0.298399 3.97872
77 76 67
2 9 48 0 8 98 0
0.246036 -0.246115 3.46925
219 216 191
2 9 230 0 8 227 0
0.351731 -0.692813 3.7891
187 179 152
10 9 240 0 8 297 0 10 345 0 11 275 0 12 577 0 13 656 0 1 584 0 0 148 0 14 607 0 15 524 0
0.704077 -0.850232 3.86882
231 221 195
2 9 285 0 8 475 0
0.438046 -0.760699 3.84907
207 199 175
2 9 321 0 8 295 0
0.567533 -0.528578 3.67977
228 226 200
2 9 410 0 8 504 0
0.303088 -0.256929 3.48019
192 188 164
2 9 501 0 8 537 0
0.462863 -0.472421 3.65716
218 212 183
4 9 512 0 8 643 0 10 297 0 11 325 0
-0.0686192 -0.542463 3.64695
215 208 183
4 9 718 0 8 752 0 10 635 0 11 648 0
0.305924 -0.222233 3.46969
202 199 174
2 9 767 0 8 678 0
1.03717 -0.425824 3.72079
209 208 184
2 9 924 0 8 557 0
0.669902 -0.299056 3.51943
237 232 205
2 9 983 0 8 797 0
-0.487376 -0.409717 3.73681
146 136 110
2 9 1005 0 8 658 0
0.662438 -0.275915 3.50399
202 197 170
2 9 1024 0 8 1073 0
-0.014356 0.51275 3.34671
122 121 113
4 1 84 0 14 86 0 3 114 0 2 61 0
0.231298 -0.25469 3.49211
176 170 143
3 13 1261 0 14 996 0 15 738 0
0.833855 -1.23707 4.7169
191 187 187
2 1 875 0 15 819 0
-0.239466 0.235152 3.11563
125 125 104
3 10 996 0 1 802 0 14 376 0
0.475262 -0.504229 3.68575
222 219 196
2 10 11 0 9 9 0
-0.419016 -0.195906 3.24804
45 47 38
3 10 12 0 9 22 0 11 10 0
0.472516 -0.572649 3.73645
207 204 175
3 10 221 0 9 172 0 11 195 0
1.28695 0.275345 3.60395
144 143 148
2 10 252 0 9 174 0
0.237548 -0.664243 3.77659
243 238 212
2 10 313 0 9 529 0
-0.309687 -0.212657 3.82452
145 136 110
2 10 391 0 9 535 0
-0.130414 -0.0071634 3.33485
196 190 160
4 10 403 0 9 841 0 11 400 0 13 687 0
1.11472 -0.412672 3.71116
208 206 183
2 10 407 0 9 420 0
-0.589501 0.310532 3.04112
216 209 180
4 10 433 0 9 510 0 11 201 0 12 395 0
0.030257 -0.594666 3.6957
196 190 160
3 10 460 0 9 515 0 11 386 0
0.412605 -0.199379 3.46246
147 137 102
3 10 485 0 9 485 0 11 756 0
-0.642719 0.142619 3.16198
188 180 151
3 10 506 0 9 650 0 12 430 0
-0.712024 0.221016 3.09906
175 167 140
4 10 508 0 9 960 0 12 717 0 13 1010 0
-0.520453 0.233444 3.09665
223 222 196
2 10 518 0 9 677 0
-0.478554 0.306997 3.05164
182 175 147
4 10 520 0 9 1292 0 11 273 0 12 557 0
-0.571443 0.245565 3.09016
162 154 128
5 10 530 0 9 886 0 13 550 0 12 389 0 11 380 0
-0.571209 0.246203 3.09054
168 164 137
3 10 531 0 9 887 0 11 381 0
0.19753 -0.677154 3.76695
208 198 173
2 10 536 0 9 771 0
-0.47479 0.252169 3.08917
208 204 177
3 10 548 0 9 920 0 11 506 0
0.475421 -0.621283 3.7445
222 217 188
3 10 565 0 9 552 0 11 1094 0
-0.181228 0.203086 3.1421
197 193 165
2 10 582 0 9 660 0
-0.569707 0.151028 3.15935
176 166 140
4 10 623 0 9 1189 0 12 764 0 13 721 0
-0.569707 0.151028 3.15935
176 166 140
4 10 624 0 9 1188 0 12 765 0 13 722 0
-1.37916 0.651287 3.16527
147 145 138
4 10 693 0 9 1032 0 12 816 0 13 1331 0
-0.0308752 -0.464442 3.59585
182 176 147
3 10 696 0 9 884 0 11 1053 0
0.336584 -0.656176 3.78207
245 241 216
2 10 738 0 9 994 0
-0.0384759 -0.417992 3.5607
189 184 160
2 10 744 0 9 474 0
0.462935 -0.552017 3.72313
194 193 165
2 10 767 0 9 1177 0
-0.386011 0.184762 3.14133
222 219 194
2 10 776 0 9 945 0
-0.791836 -0.16168 3.81575
155 149 136
2 10 920 0 9 1100 0
-0.791836 -0.16168 3.81575
155 149 136
2 10 921 0 9 1101 0
0.0724519 -0.589705 3.92969
210 189 149
2 10 1157 0 9 1158 0
-0.476558 0.246062 3.0993
181 178 149
2 11 570 0 9 1237 0
0.617226 -0.34268 3.5508
206 201 164
2 11 789 0 9 950 0
0.237194 -0.251185 3.48553
195 191 160
2 11 985 0 9 1178 0
-0.0857274 -0.173571 3.46254
191 183 154
3 11 1125 0 9 1241 0 10 742 0
-0.974554 -0.76765 4.2511
173 169 161
2 11 1231 0 9 778 0
-0.232251 -0.367217 3.69523
78 74 53
2 11 2 0 10 2 0
0.515355 -0.419885 3.63408
220 207 175
3 11 11 0 10 23 0 12 15 0
-0.291337 0.208654 3.14189
193 192 167
2 11 62 0 10 80 0
-0.135912 0.144065 3.23662
195 190 162
2 11 72 0 10 119 0
-0.86162 0.100137 3.17038
203 198 170
2 11 160 0 10 443 0
0.330603 -0.230894 3.48409
207 202 173
2 11 212 0 10 178 0
-0.150454 0.0999989 3.25885
226 221 192
2 11 231 0 10 320 0
-0.369456 -0.294008 3.85078
191 177 142
2 11 254 0 10 169 0
0.109282 -0.111301 3.34646
234 227 194
2 11 292 0 10 257 0
-0.370319 0.187262 3.15026
202 200 174
2 11 294 0 10 371 0
-0.0953725 -0.490158 4.00481
198 182 143
2 11 299 0 10 299 0
-0.882841 0.0667218 3.19877
140 138 114
3 11 302 0 10 229 0 12 332 0
0.566372 -0.529627 3.67996
224 214 182
8 11 310 0 10 310 0 12 267 0 13 395 0 1 650 0 14 294 0 0 204 0 15 553 0
-0.89103 0.0219351 3.21583
169 159 125
2 11 374 0 10 277 0
0.304738 -0.246492 3.48354
186 181 154
2 11 398 0 10 446 0
-0.129036 -0.00521891 3.33643
198 193 163
2 11 399 0 10 402 0
0.472738 -0.648634 3.77147
198 193 163
2 11 443 0 10 339 0
0.375885 -0.638347 3.76331
137 137 112
2 11 467 0 10 342 0
-0.782065 0.0827928 3.18684
222 217 186
2 11 471 0 10 507 0
-0.154139 -0.0797587 3.38638
205 193 162
4 11 540 0 10 526 0 12 586 0 13 560 0
-0.795704 0.0891885 3.19098
186 183 155
2 11 542 0 10 593 0
0.57146 -0.419848 3.62997
170 163 131
2 11 557 0 10 619 0
-0.504813 -0.244083 3.45681
176 158 122
2 11 615 0 10 426 0
-0.504813 -0.244083 3.45681
176 158 122
2 11 616 0 10 425 0
0.521276 -0.268362 3.52735
163 154 119
2 11 619 0 10 515 0
-0.146923 0.121486 3.24064
215 209 179
3 11 647 0 10 807 0 13 1158 0
-0.334617 -0.269098 3.83474
188 173 139
2 11 660 0 10 359 0
-0.979847 -0.377588 3.11022
200 186 151
2 11 704 0 10 1048 0
0.302209 -0.26199 3.49465
217 211 183
2 11 730 0 10 409 0
-0.449677 0.25368 3.09187
158 151 124
3 11 787 0 10 687 0 13 935 0
-0.425332 0.222887 3.11266
178 174 147
2 11 818 0 10 1051 0
-0.776226 -0.102088 3.69709
201 184 149
2 11 832 0 10 883 0
-0.671836 0.047199 3.23092
158 157 129
3 11 849 0 10 647 0 12 879 0
-0.120283 -0.066161 3.3794
192 180 150
4 11 879 0 10 867 0 12 1242 0 13 1375 0
0.176008 0.0641463 3.48104
136 138 116
2 11 964 0 10 1227 0
0.530268 -0.602357 3.7336
195 189 160
2 11 989 0 10 630 0
-0.739311 0.213766 3.10423
211 205 178
2 11 995 0 10 1041 0
0.155144 -0.577999 3.71436
232 222 192
2 11 1059 0 10 1124 0
0.917847 -0.412035 3.70499
195 191 165
2 11 1095 0 10 940 0
0.0827355 -0.310981 3.51736
215 212 184
2 11 1100 0 10 907 0
0.0696813 -0.316516 3.5177
177 173 146
2 11 1191 0 10 1002 0
-0.385712 0.269571 3.08294
180 175 148
3 11 1213 0 10 923 0 13 844 0
0.157843 0.0544382 3.47704
160 162 141
2 11 1217 0 10 980 0
-1.49206 0.505046 3.26759
117 114 109
7 12 542 0 0 689 0 9 572 0 13 774 0 10 454 0 14 828 0 15 1102 0
0.462273 -0.471113 3.65764
218 204 171
5 12 575 0 0 182 0 13 848 0 14 517 0 15 700 0
0.247247 -0.239504 3.47416
207 196 169
5 12 604 0 0 123 0 13 683 0 14 488 0 15 415 0
0.115468 -0.349001 3.55131
233 219 192
2 12 841 0 0 1242 0
-1.39218 0.658885 3.15908
139 136 130
6 12 877 0 0 1114 0 10 638 0 9 1127 0 13 946 0 14 1064 0
-1.39218 0.658885 3.15908
139 136 130
6 12 878 0 0 1113 0 10 639 0 9 1128 0 13 945 0 14 1063 0
0.323063 0.0547505 3.487
105 107 93
3 12 1002 0 0 685 0 13 980 0
-0.506059 0.0852031 3.21552
149 142 118
3 12 1114 0 0 633 0 13 1025 0
-0.402292 0.241415 3.10499
199 192 165
5 12 1178 0 0 855 0 11 1038 0 10 1129 0 13 1145 0
-0.476341 0.0788733 3.22222
120 115 96
3 12 1369 0 0 1038 0 13 1203 0
0.88708 -0.335229 3.6412
223 212 182
4 12 156 0 1 214 0 11 246 0 15 179 0
0.440404 -0.772794 3.81915
220 208 182
2 1 386 0 15 446 0
0.652727 -0.122653 3.6468
195 185 158
3 12 328 0 1 290 0 13 244 0
0.484959 -0.45922 3.64677
173 162 131
7 12 359 0 1 372 0 11 529 0 13 360 0 14 295 0 8 301 0 15 374 0
1.31269 -0.402889 3.64545
188 175 145
3 1 451 0 14 1055 0 15 460 0
1.11242 -0.323265 3.64813
227 215 185
2 12 706 0 1 366 0
0.353036 0.899934 3.08258
161 160 153
3 12 1068 0 1 983 0 14 789 0
1.28444 0.275679 3.60339
114 113 109
2 12 157 0 3 164 0
-0.670448 0.19042 3.12713
219 212 182
4 12 477 0 9 992 0 11 460 0 10 591 0
-0.647415 0.176292 3.13631
228 217 188
2 12 195 0 10 125 0
-0.576994 0.293343 3.05221
180 171 142
4 12 219 0 10 461 0 11 132 0 13 233 0
0.147815 0.119647 3.42871
191 186 160
3 12 240 0 10 233 0 11 215 0
-1.13724 0.890912 3.00128
59 60 57
3 12 259 0 10 386 0 13 311 0
-1.47305 0.723086 3.1046
92 91 86
2 12 266 0 10 275 0
-1.48887 0.728283 3.10164
162 161 156
2 12 381 0 10 348 0
-1.48876 0.727298 3.10072
150 148 143
3 10 349 0 13 636 0 14 1182 0
-1.25995 0.727776 3.11464
89 90 83
2 12 405 0 10 129 0
-0.44205 0.234217 3.10694
173 162 136
3 12 600 0 10 577 0 13 698 0
0.0927854 -0.0671368 3.35569
149 151 134
2 12 775 0 10 430 0
-0.754111 0.267271 3.06347
203 194 166
2 12 778 0 10 510 0
-0.38603 0.269728 3.08369
191 181 153
3 12 810 0 10 922 0 13 843 0
-1.34831 0.705461 3.12678
157 156 148
3 12 848 0 10 658 0 13 998 0
-0.150724 0.111295 3.24721
199 188 159
2 12 964 0 10 796 0
-1.45944 0.71355 3.11141
91 90 83
2 12 1108 0 10 614 0
-1.32687 0.609642 3.19895
97 95 88
2 12 1135 0 10 667 0
-1.39115 0.649635 3.16547
84 83 77
4 12 1140 0 10 553 0 13 977 0 14 759 0
-0.1317 0.112249 3.2456
232 221 193
2 12 1193 0 10 1158 0
-0.1317 0.112249 3.2456
232 221 193
2 12 1194 0 10 1159 0
-0.0677679 0.111844 3.25324
206 197 168
2 12 1407 0 10 1225 0
-1.13336 0.352007 3.41348
166 156 126
2 12 24 0 11 13 0
-0.741888 0.0776088 3.20366
218 208 177
2 12 60 0 11 44 0
-0.640023 0.353468 3.00144
210 201 168
2 12 313 0 11 184 0
-0.120403 0.00315212 3.32488
231 218 185
3 12 429 0 11 432 0 13 313 0
-0.667755 0.158661 3.15588
214 204 171
2 12 470 0 11 142 0
-0.68775 0.0478723 3.23359
172 168 140
2 12 486 0 11 383 0
-0.36316 0.260695 3.08919
183 172 141
2 12 540 0 11 613 0
0.504631 -0.452824 3.6498
217 205 168
2 12 594 0 11 912 0
-0.554656 0.312379 3.03685
164 155 125
3 12 678 0 11 281 0 13 791 0
-0.812126 0.142287 3.15119
194 182 149
2 12 729 0 11 448 0
-0.728951 0.246435 3.0808
164 154 121
2 12 813 0 11 678 0
-0.558383 -0.722648 4.23936
144 141 141
2 12 900 0 11 1237 0
0.127503 -0.109188 3.34597
192 179 144
3 12 958 0 11 941 0 13 566 0
0.37445 -0.746521 3.83667
237 225 187
2 12 969 0 11 1064 0
0.540124 -0.506327 3.68996
199 184 144
2 12 1103 0 11 873 0
0.0494806 -0.461816 3.62333
189 177 144
2 12 1353 0 11 1194 0
0.0494806 -0.461816 3.62333
189 177 144
2 12 1354 0 11 1195 0
-0.583928 -1.03955 4.47962
177 174 176
2 12 1379 0 11 582 0
-0.399255 -0.220698 3.21918
230 219 184
2 12 1483 0 11 1072 0
1.03287 -0.489575 3.7622
214 200 170
3 13 555 0 0 229 0 12 1028 0
0.303 -0.246075 3.48424
170 162 139
2 13 589 0 0 131 0
0.390334 0.690918 3.24009
87 86 87
2 13 653 0 0 641 0
0.0420391 0.486014 3.37867
154 155 153
5 13 826 0 0 1002 0 1 791 0 14 669 0 15 808 0
-1.72791 0.204018 3.47932
146 141 137
5 13 898 0 0 693 0 12 617 0 9 338 0 14 1107 0
0.998091 -0.307102 3.62933
192 180 153
3 13 1090 0 0 622 0 1 885 0
0.984439 -0.569544 3.81505
237 224 196
2 13 1112 0 0 540 0
0.985871 -0.569212 3.81743
236 221 192
3 13 1113 0 0 539 0 15 992 0
0.769117 -0.163881 3.68087
215 206 185
3 13 1236 0 0 877 0 14 1079 0
0.60332 -0.375301 3.57514
182 168 136
2 13 1422 0 0 1139 0
0.789888 0.0251245 3.68454
111 114 96
5 13 20 0 1 18 0 12 17 0 14 27 0 15 11 0
-0.407422 -0.202055 3.21519
30 32 22
4 13 28 0 1 35 0 14 34 0 15 26 0
-0.120143 -0.561343 3.65156
177 171 147
4 13 44 0 1 60 0 14 60 0 15 48 0
-0.0854316 -0.571073 3.67183
185 179 156
5 13 75 0 1 66 0 14 69 0 7 20 0 15 50 0
-0.28896 0.205363 3.14689
179 171 149
5 13 134 0 1 321 0 12 111 0 15 356 0 0 117 0
0.630642 -0.147299 3.66257
190 183 157
3 13 187 0 1 185 0 14 178 0
-0.328026 1.01444 2.96413
110 109 102
3 13 213 0 1 207 0 14 282 0
-0.328026 1.01444 2.96413
110 109 102
3 13 214 0 1 206 0 14 283 0
-1.11542 0.892179 2.99348
90 90 86
3 13 235 0 14 441 0 15 621 0
0.95836 -0.337736 3.64386
201 184 156
4 13 264 0 1 286 0 14 279 0 15 295 0
1.42678 -0.635122 3.89844
241 226 196
5 13 278 0 1 241 0 14 234 0 15 193 0 7 136 0
1.0617 -0.377989 3.68819
198 182 152
4 13 293 0 1 205 0 12 513 0 15 196 0
0.993628 -0.540614 3.79982
234 216 185
4 13 315 0 1 288 0 14 271 0 15 257 0
1.1755 -0.372683 3.68161
238 220 190
4 13 369 0 1 405 0 14 396 0 15 454 0
1.21081 -0.527949 3.80137
239 221 188
3 13 394 0 1 353 0 15 326 0
0.469602 -0.576205 3.73682
212 199 169
5 13 442 0 1 308 0 14 296 0 12 233 0 15 276 0
1.43112 -0.672398 3.92865
246 228 194
4 13 455 0 1 333 0 14 323 0 15 457 0
1.47629 -0.58773 3.86876
214 196 162
3 13 472 0 1 399 0 14 387 0
1.1998 -0.431913 3.73195
241 223 192
4 13 477 0 1 275 0 14 306 0 15 307 0
0.5312 -0.46289 3.65943
171 154 123
4 13 500 0 1 587 0 12 425 0 15 291 0
0.284761 -0.221153 3.46317
207 194 165
4 13 549 0 1 501 0 12 433 0 15 512 0
0.51024 -0.293832 3.53682
205 189 156
4 13 569 0 1 707 0 14 591 0 15 616 0
-0.569893 0.715536 3.16363
76 78 77
5 13 570 0 1 429 0 12 709 0 14 369 0 15 582 0
-1.68681 0.195213 3.48775
175 171 162
5 13 596 0 12 441 0 9 208 0 14 785 0 15 842 0
1.03768 -0.353734 3.66936
225 209 178
4 13 597 0 1 548 0 12 607 0 14 533 0
0.963273 -0.554452 3.80235
239 221 187
4 13 610 0 1 522 0 12 686 0 14 549 0
0.351697 -0.693031 3.78903
172 164 137
4 13 655 0 1 585 0 14 606 0 15 525 0
0.753181 -0.166528 3.67373
182 172 146
2 13 827 0 1 719 0
-0.4926 0.0880816 3.21599
177 169 145
3 13 875 0 1 792 0 12 794 0
1.08692 -0.393359 3.69483
224 207 177
4 13 915 0 1 788 0 14 810 0 15 758 0
0.698845 -0.330628 3.54227
214 203 175
3 13 936 0 1 976 0 14 868 0
0.808544 -0.152668 3.67308
172 167 144
3 13 943 0 1 897 0 15 794 0
0.263134 -0.23892 3.46715
200 190 163
4 13 993 0 1 846 0 14 1105 0 15 929 0
0.0896058 0.0079542 3.506
104 112 98
4 13 994 0 1 570 0 12 796 0 15 482 0
1.11415 -0.425679 3.71418
238 220 189
4 13 1002 0 1 770 0 12 1204 0 15 774 0
1.23714 -0.675948 3.91842
221 203 172
5 13 1053 0 1 818 0 14 898 0 2 559 0 15 731 0
1.44928 -0.443328 3.76516
221 222 207
3 13 1083 0 1 582 0 14 800 0
0.953353 -0.319325 3.63223
231 216 185
4 13 1144 0 1 701 0 12 1043 0 14 889 0
0.274924 -0.563171 3.72929
107 117 106
2 13 1239 0 1 819 0
0.735741 0.97667 3.04891
176 174 170
4 13 1428 0 1 765 0 14 867 0 15 855 0
0.735741 0.97667 3.04891
176 174 170
4 13 1429 0 1 766 0 14 866 0 15 856 0
1.22749 -0.695655 3.92807
201 186 154
6 13 1438 0 1 972 0 12 1227 0 14 901 0 7 827 0 15 711 0
-0.188212 0.995249 2.98301
117 116 113
3 13 247 0 2 699 0 14 277 0
31.8875 7.21229 129.203
129 131 125
2 13 786 0 12 772 0
1.09033 -0.150374 3.82958
204 211 198
3 13 1265 0 2 794 0 15 703 0
-0.153219 0.0984609 3.25646
231 220 189
3 13 323 0 9 506 0 12 235 0
-0.609596 0.332724 3.0227
171 163 135
3 13 447 0 9 553 0 12 326 0
-0.609596 0.332724 3.0227
171 163 135
3 13 448 0 9 554 0 12 327 0
-0.452743 0.225561 3.1121
206 198 171
2 13 665 0 9 1142 0
-1.62826 0.394901 3.34208
155 150 143
5 13 731 0 9 505 0 12 446 0 14 1027 0 15 1086 0
-0.136592 0.103048 3.25359
195 187 161
2 13 785 0 10 987 0
0.197265 -0.105759 3.35139
226 214 186
2 13 815 0 12 868 0
-0.567981 0.254193 3.08447
204 198 172
2 13 1157 0 10 1150 0
-0.69573 0.216527 3.10709
155 149 119
2 13 674 0 11 205 0
-0.712541 0.230778 3.09018
182 176 147
2 13 1395 0 11 1142 0
0.552998 -0.0900928 3.5724
119 122 107
2 13 8 0 12 8 0
0.606271 -0.282465 3.52385
215 199 160
2 13 13 0 12 14 0
0.659173 0.251139 3.56073
92 91 87
2 14 43 0 15 29 0
-0.741189 0.698267 3.12024
91 94 79
2 13 34 0 12 30 0
-0.812148 0.0700561 3.20684
173 173 155
2 13 129 0 12 145 0
-0.0583845 0.0254376 3.31496
181 167 136
2 13 175 0 12 152 0
0.388377 -0.550703 3.71469
240 221 187
2 13 178 0 12 162 0
-1.11385 1.10329 2.81481
76 75 72
2 13 245 0 14 546 0
0.204289 0.0978275 3.45542
160 158 136
2 13 273 0 12 324 0
1.02899 -0.42445 3.71506
215 198 163
2 13 281 0 12 365 0
-0.859357 0.104201 3.17488
197 186 158
2 13 339 0 12 418 0
-0.239306 0.234143 3.11652
116 115 94
2 13 341 0 12 319 0
0.12431 0.298919 3.46041
177 174 149
2 13 343 0 12 265 0
0.326495 -0.236927 3.4789
228 209 176
2 13 424 0 12 285 0
-0.0899436 -0.0734112 3.39445
190 175 143
2 13 427 0 12 392 0
-0.0899436 -0.0734112 3.39445
190 175 143
2 13 428 0 12 393 0
-0.957923 0.586068 3.1703
166 161 135
2 13 480 0 12 272 0
1.01754 -0.431417 3.72872
239 222 188
2 13 487 0 12 424 0
0.909008 -0.469023 3.74098
250 234 201
2 13 504 0 12 498 0
-0.729086 -0.0135881 3.19241
175 179 162
2 13 514 0 12 1141 0
0.456797 -0.274062 3.50758
206 181 146
2 13 545 0 12 426 0
0.412691 0.0180697 3.52467
132 130 111
2 13 562 0 12 515 0
0.154751 -0.0589339 3.31692
139 147 132
2 13 579 0 12 745 0
0.0690089 -0.33218 3.52016
240 221 185
2 13 601 0 12 635 0
0.964678 -0.555468 3.80553
246 225 189
2 13 609 0 12 687 0
0.468266 -0.0215754 3.56101
172 176 157
2 13 616 0 12 766 0
0.574458 -0.397505 3.61172
225 196 154
2 13 631 0 12 456 0
0.486427 -0.336123 3.56123
247 224 188
2 13 637 0 12 973 0
0.486427 -0.336123 3.56123
247 224 188
2 13 638 0 12 972 0
0.24717 -0.239681 3.47556
212 199 169
4 13 684 0 12 603 0 15 416 0 14 487 0
-0.133094 -0.00630245 3.33997
193 179 146
2 13 688 0 12 694 0
0.530181 -0.0176601 3.55558
155 155 135
4 13 692 0 12 719 0 14 531 0 15 625 0
-0.518638 0.266835 3.07382
221 207 176
2 13 700 0 12 722 0
-0.232483 0.205208 3.12393
171 171 153
4 13 705 0 12 481 0 14 1014 0 15 990 0
-1.02518 0.549572 3.20371
136 127 101
2 13 710 0 12 1121 0
-0.25161 0.238275 3.11815
217 204 175
2 13 712 0 12 578 0
-0.0587788 0.0774611 3.27173
225 210 179
2 13 741 0 12 548 0
0.432446 -0.22566 3.4743
218 196 161
3 13 781 0 12 690 0 14 990 0
-0.63668 0.18633 3.12987
179 169 138
2 13 782 0 12 893 0
0.314326 -0.220338 3.46164
152 137 110
3 13 837 0 12 850 0 15 1015 0
0.313431 -0.220076 3.45852
159 141 112
2 13 838 0 12 851 0
0.574982 -0.420123 3.63315
234 207 164
2 13 854 0 12 565 0
0.614529 -0.344953 3.53902
196 182 144
3 13 856 0 12 845 0 14 436 0
0.614529 -0.344953 3.53902
196 182 144
3 13 857 0 12 844 0 14 435 0
0.157795 -0.534747 3.68399
240 225 194
2 13 858 0 12 989 0
0.715758 -0.30691 3.53164
205 192 160
3 13 862 0 12 1269 0 14 797 0
0.901022 -0.517361 3.77607
214 195 161
2 13 891 0 12 1234 0
0.585128 -0.356054 3.55128
238 219 179
2 13 900 0 12 631 0
-0.421347 0.145579 3.17087
178 163 133
2 13 916 0 12 761 0
-0.421347 0.145579 3.17087
178 163 133
2 13 917 0 12 760 0
-0.638047 0.392059 2.97867
200 187 159
2 13 929 0 12 820 0
0.18971 -0.631155 3.74855
244 228 194
2 13 934 0 12 1071 0
1.04042 -0.376478 3.69179
236 218 184
2 13 950 0 12 1276 0
0.561889 -0.462787 3.65987
223 200 158
2 13 968 0 12 1158 0
-0.557131 0.269659 3.0714
216 202 171
2 13 991 0 12 1075 0
-0.279548 0.204831 3.13388
196 184 157
2 13 1030 0 12 1465 0
0.423866 -0.233276 3.48186
167 150 119
5 13 1049 0 12 1337 0 14 1191 0 15 947 0 1 919 0
0.424267 -0.233143 3.48347
183 157 122
2 13 1050 0 12 1336 0
-0.122641 -0.0290592 3.34934
212 196 165
2 13 1063 0 12 830 0
0.67888 0.102457 3.64482
221 211 181
2 13 1064 0 12 1435 0
-0.373737 0.268171 3.08704
218 202 170
2 13 1084 0 12 1149 0
-0.453367 0.245977 3.1015
205 189 161
2 13 1097 0 12 1031 0
0.630354 -0.0414739 3.57209
157 154 133
2 13 1104 0 12 1368 0
0.337223 0.0618047 3.49485
154 152 132
2 13 1129 0 12 1020 0
0.495531 -0.607576 3.73871
241 221 186
2 13 1135 0 12 1199 0
0.388481 -0.655253 3.77643
135 136 115
2 13 1139 0 12 1176 0
-0.402451 0.241866 3.11227
216 201 171
2 13 1146 0 12 1179 0
-0.238886 0.00262383 3.31973
203 188 155
2 13 1149 0 12 1390 0
0.568756 -0.447165 3.65147
247 219 176
2 13 1176 0 12 673 0
-0.137838 -0.0162991 3.33059
233 217 186
2 13 1218 0 12 1459 0
-0.458877 0.217543 3.11441
173 160 132
2 13 1242 0 12 1290 0
-0.458877 0.217543 3.11441
173 160 132
2 13 1243 0 12 1289 0
-0.546504 0.358904 3.00109
213 198 168
2 13 1252 0 12 1102 0
0.29643 -0.203015 3.44762
240 215 177
2 13 1256 0 12 1070 0
-0.0324779 0.0578431 3.29641
233 217 185
2 13 1258 0 12 1170 0
0.0858265 -0.466086 3.62978
202 183 151
2 13 1263 0 12 1325 0
-0.438943 -0.15901 3.20288
205 187 137
2 13 1275 0 12 1332 0
0.410168 0.00573844 3.53278
147 148 130
2 13 1297 0 12 1095 0
-0.067665 -0.539435 3.64458
230 212 181
2 13 1351 0 12 942 0
-0.794629 0.0892163 3.18914
174 165 134
2 13 1352 0 12 859 0
-0.794629 0.0892163 3.18914
174 165 134
2 13 1353 0 12 860 0
-0.464985 0.211806 3.1235
217 201 171
2 13 1384 0 12 1377 0
0.0211995 -0.201363 3.48956
69 67 47
2 14 18 0 0 14 0
-0.209369 0.158639 3.18569
162 156 131
2 14 96 0 0 43 0
1.1499 -0.462336 3.75062
238 223 193
5 14 325 0 0 247 0 13 422 0 1 258 0 15 279 0
1.03467 -0.428743 3.72012
204 193 168
4 14 480 0 0 213 0 7 595 0 15 480 0
-0.00424653 -0.400463 3.52645
234 228 202
2 14 489 0 0 436 0
0.866571 0.523988 3.39933
160 158 158
2 14 594 0 0 1134 0
0.866571 0.523988 3.39933
160 158 158
2 14 595 0 0 1135 0
0.465063 -0.0207024 3.55092
148 151 139
2 14 620 0 0 506 0
-0.323006 0.177148 3.15914
133 131 113
2 14 801 0 0 590 0
-0.0059431 -0.493796 3.65067
241 236 213
2 14 812 0 0 479 0
0.325961 -0.589736 3.43575
177 174 152
2 14 814 0 1 870 0
0.253843 -0.652751 3.77662
104 107 92
2 14 881 0 0 869 0
-0.237757 0.188853 3.12907
160 160 143
2 14 902 0 0 921 0
1.22195 -0.457248 3.7511
191 180 155
2 14 969 0 0 658 0
0.903457 -0.420075 3.70603
221 208 183
3 14 1013 0 0 378 0 15 800 0
0.54114 -0.109921 3.6582
91 95 81
3 14 6 0 1 4 0 15 5 0
0.546963 -0.106766 3.64021
97 101 86
2 14 7 0 1 5 0
0.100429 0.0852975 3.44006
87 88 72
2 14 9 0 1 7 0
0.75265 -0.171766 3.72821
168 162 140
2 14 14 0 1 9 0
0.0285771 -0.196365 3.4715
65 65 46
3 14 17 0 1 32 0 15 24 0
0.774298 0.096789 3.6107
199 193 168
3 14 21 0 1 11 0 15 9 0
0.433224 -0.685309 3.83829
180 173 147
3 14 22 0 1 15 0 15 12 0
0.433224 -0.685309 3.83829
180 173 147
3 14 23 0 1 16 0 15 13 0
-0.33595 -0.222084 3.45981
161 157 130
3 14 44 0 1 39 0 15 35 0
0.0579083 -0.0169076 3.50424
190 194 180
2 14 48 0 1 64 0
0.163696 -0.127019 3.40311
58 60 41
2 14 49 0 1 78 0
0.163696 -0.127019 3.40311
58 60 41
2 14 50 0 1 79 0
0.668782 -0.326814 3.56453
68 69 50
2 14 54 0 1 47 0
0.668782 -0.326814 3.56453
68 69 50
2 14 55 0 1 48 0
-0.0470777 0.349164 3.33924
86 88 70
3 14 58 0 1 105 0 15 78 0
1.01228 0.100338 3.71931
89 89 86
2 14 61 0 1 49 0
-0.366064 0.166913 3.18497
146 144 122
3 14 62 0 1 57 0 15 61 0
-0.308825 -0.0134446 3.29589
165 161 133
5 14 64 0 1 53 0 15 53 0 2 47 0 8 44 0
-0.588494 -0.0202702 3.35144
64 67 52
3 14 78 0 1 99 0 15 64 0
0.491402 -0.619953 3.82467
191 182 155
3 14 100 0 1 72 0 15 55 0
-0.0934461 0.335353 3.52919
132 138 124
3 14 119 0 1 138 0 15 128 0
-0.141121 0.378165 3.35018
125 132 119
3 14 129 0 1 153 0 15 135 0
-0.379169 0.200998 3.14957
136 132 108
2 14 155 0 1 181 0
0.360794 -0.674048 3.77463
196 190 166
3 14 156 0 1 249 0 15 208 0
-0.574202 -0.049725 3.31777
162 165 151
3 14 159 0 1 182 0 13 132 0
0.355346 -0.167616 3.42579
183 177 152
2 14 161 0 1 201 0
0.802324 -0.12282 3.64415
167 162 140
2 14 187 0 1 191 0
0.0792049 -0.205543 3.43571
176 170 144
2 14 200 0 1 229 0
0.271934 0.0996914 3.45188
111 114 99
2 14 213 0 1 294 0
0.989631 -0.353447 3.6624
202 186 159
3 14 220 0 1 231 0 15 215 0
0.335105 -0.202411 3.47007
187 177 150
3 14 226 0 1 313 0 15 376 0
0.335105 -0.202411 3.47007
187 177 150
3 14 227 0 1 312 0 15 375 0
-0.417734 1.45977 2.64944
70 67 62
3 14 236 0 1 238 0 15 184 0
-0.417734 1.45977 2.64944
70 67 62
3 14 237 0 1 239 0 15 185 0
1.17584 -0.648161 3.88766
204 190 163
4 14 244 0 1 215 0 15 269 0 7 192 0
1.1766 -0.647498 3.88191
203 185 155
3 14 245 0 1 216 0 15 270 0
0.150841 -0.116608 3.36632
66 68 51
2 14 248 0 1 389 0
0.809476 -0.393994 3.66055
219 207 180
3 14 250 0 1 346 0 15 252 0
0.29743 0.0899215 3.46602
121 122 106
5 14 253 0 1 438 0 13 222 0 12 254 0 15 301 0
-0.403726 -0.277416 3.32133
199 195 169
3 14 255 0 1 359 0 15 249 0
0.783593 -0.0402958 3.71624
152 160 147
3 14 293 0 1 196 0 15 248 0
0.504869 0.00287521 3.56556
132 134 116
2 14 297 0 1 260 0
0.0104105 -0.157884 3.45894
180 168 140
5 14 299 0 1 475 0 13 536 0 12 1162 0 15 451 0
-0.349035 -0.210141 3.45317
169 163 137
3 14 304 0 1 254 0 15 203 0
0.661944 -0.295992 3.51481
213 204 173
4 14 312 0 1 338 0 13 398 0 15 306 0
-0.580392 0.245355 3.11415
122 119 97
2 14 321 0 1 430 0
-0.574179 0.244232 3.10193
122 119 98
3 14 322 0 1 431 0 15 318 0
0.905443 -0.466901 3.73406
237 222 193
4 14 326 0 1 478 0 12 499 0 15 313 0
-0.427937 0.212223 3.12684
158 154 131
3 14 351 0 1 412 0 15 370 0
0.799482 -0.469174 3.73039
232 216 184
5 14 368 0 1 284 0 13 367 0 12 289 0 15 304 0
-0.246769 0.236728 3.13024
112 111 90
3 14 375 0 1 801 0 15 404 0
0.415814 -0.191762 3.42743
189 182 156
2 14 381 0 1 376 0
0.900271 -0.54979 3.79931
243 225 192
4 14 394 0 1 393 0 13 321 0 15 364 0
1.15566 -0.414948 3.72877
231 216 186
3 14 398 0 1 641 0 15 557 0
-0.32739 -0.0551352 3.34476
215 213 191
3 14 399 0 1 504 0 15 442 0
0.960473 -0.598578 3.83018
217 199 168
2 14 401 0 1 487 0
0.732861 -1.24707 4.72588
158 154 153
3 14 404 0 1 368 0 15 378 0
1.02184 -0.497938 3.76211
239 222 191
3 14 406 0 1 457 0 15 388 0
0.312098 -0.143063 3.37056
125 131 117
3 14 414 0 1 465 0 15 396 0
-0.193734 0.219427 3.14803
229 216 190
3 14 429 0 1 685 0 15 543 0
0.00104841 -0.479221 3.65018
178 172 145
3 14 431 0 1 390 0 15 395 0
0.592037 -0.361645 3.58203
197 188 156
3 14 437 0 1 560 0 15 439 0
0.35213 -0.150588 3.43834
147 146 130
3 14 463 0 1 332 0 15 334 0
0.148603 -0.26369 3.48952
159 152 125
2 14 464 0 1 449 0
1.20358 -0.402459 3.70682
239 223 192
3 14 474 0 1 417 0 15 402 0
1.20358 -0.402459 3.70682
239 223 192
3 14 475 0 1 416 0 15 403 0
0.349356 -0.182768 3.42649
156 148 120
3 14 477 0 1 490 0 15 475 0
0.349356 -0.182768 3.42649
156 148 120
3 14 478 0 1 489 0 15 474 0
0.32192 -0.145761 3.41688
118 126 115
2 14 502 0 1 365 0
0.848216 -1.1715 4.66137
212 208 205
4 14 506 0 1 447 0 2 298 0 15 392 0
0.847788 -1.1729 4.67104
211 206 204
3 14 507 0 1 448 0 15 391 0
1.30967 0.347834 3.53451
175 170 166
2 14 527 0 1 444 0
1.30967 0.347834 3.53451
175 170 166
2 14 528 0 1 446 0
0.667703 -0.201742 3.71518
127 129 113
3 14 544 0 1 385 0 15 552 0
0.548537 -0.491619 3.68803
193 180 146
3 14 552 0 1 658 0 15 727 0
0.642376 -0.430095 3.68483
255 251 221
3 14 557 0 1 769 0 15 496 0
0.426233 -0.772633 3.90143
172 164 142
3 14 571 0 1 868 0 15 979 0
-0.381656 -0.307105 3.50471
175 174 149
2 14 588 0 1 738 0
-0.186703 0.232908 3.1403
122 126 113
2 14 605 0 1 408 0
0.828475 -0.392146 3.70994
227 214 185
3 14 608 0 1 704 0 15 488 0
0.354329 0.0695437 3.4873
113 117 101
2 14 635 0 1 651 0
0.557414 -0.466423 3.68062
188 173 142
3 14 645 0 1 778 0 15 729 0
0.697244 -1.10764 4.61696
187 183 179
3 14 660 0 1 599 0 15 517 0
1.3279 0.327946 3.55543
80 78 78
3 14 698 0 1 887 0 15 1031 0
0.83626 -0.625972 3.85057
217 197 165
3 14 724 0 1 813 0 13 1185 0
-1.0677 0.577958 3.17123
164 161 136
3 14 729 0 15 650 0 13 664 0
0.884578 0.537694 3.3839
181 180 178
2 14 744 0 1 626 0
1.02163 -0.420506 3.73568
199 184 153
3 14 765 0 1 437 0 15 316 0
-0.0952818 -0.55836 3.68655
173 167 144
2 14 782 0 1 886 0
-0.030673 -0.0631232 3.40337
150 145 121
2 14 807 0 1 734 0
0.45543 -0.0766354 3.5692
193 199 184
2 14 844 0 1 968 0
0.251829 -0.227818 3.48264
151 143 118
3 14 848 0 1 916 0 15 903 0
0.756244 -0.166364 3.65758
165 159 138
3 14 862 0 1 720 0 15 868 0
1.10216 -0.36 3.66936
241 224 194
4 14 865 0 1 833 0 13 948 0 15 828 0
0.45485 -0.0308476 3.54736
108 112 100
4 14 883 0 1 923 0 2 789 0 15 939 0
-0.479888 0.235014 3.10862
156 152 129
3 14 911 0 1 542 0 15 1047 0
1.05252 -0.317956 3.63509
230 215 187
3 14 913 0 1 751 0 15 1091 0
0.729196 -0.135964 3.64058
201 194 170
2 14 924 0 1 853 0
1.11107 -0.458664 3.74492
236 219 188
3 14 935 0 1 761 0 15 759 0
0.47688 0.445623 3.42172
83 83 78
3 14 938 0 1 935 0 15 1081 0
0.958076 -0.471986 3.74904
236 219 189
4 14 941 0 1 749 0 13 1015 0 15 785 0
0.845675 -0.498037 3.76319
206 191 163
3 14 954 0 1 835 0 15 927 0
0.566335 -0.448534 3.65626
201 186 152
2 14 955 0 1 966 0
0.4044 -0.214662 3.46392
219 202 169
5 14 960 0 1 871 0 13 1004 0 12 1157 0 15 793 0
0.51361 -0.022196 3.56022
110 113 96
3 14 962 0 1 949 0 13 713 0
0.964575 -0.526917 3.78863
238 221 191
3 14 978 0 1 820 0 15 865 0
0.787546 -0.0967131 3.6438
193 195 179
2 14 1004 0 1 602 0
1.31783 -0.421472 3.73804
232 216 186
5 14 1012 0 1 782 0 13 992 0 12 1137 0 15 867 0
0.833794 -1.23525 4.71616
196 190 189
2 14 1016 0 15 818 0
-0.337217 -0.278318 3.48014
189 184 155
2 14 1029 0 1 892 0
0.0485828 -0.288886 3.49494
172 166 144
2 14 1054 0 1 878 0
-0.510661 0.323737 3.01945
121 118 95
3 14 1075 0 1 657 0 15 1079 0
-0.0072455 -0.398658 3.58581
179 172 143
2 14 1095 0 1 712 0
1.06029 -0.34141 3.65452
228 211 182
4 14 1097 0 1 822 0 13 708 0 15 869 0
-0.0169579 -0.438046 3.60491
239 232 203
2 14 1136 0 1 921 0
-0.0169579 -0.438046 3.60491
239 232 203
2 14 1137 0 1 920 0
-0.24975 0.178682 3.14549
154 153 133
3 14 1157 0 1 796 0 15 685 0
0.494856 -0.22696 3.44836
200 191 163
3 14 1170 0 1 895 0 15 880 0
-0.275143 0.0245476 3.2826
197 190 162
4 14 1183 0 1 905 0 2 860 0 15 872 0
-1.62394 -0.279786 5.73869
181 181 158
2 14 364 0 2 10 0
-0.23263 -0.0564184 3.36858
161 159 136
2 14 418 0 2 376 0
1.06767 -0.586602 3.83859
212 196 166
3 14 434 0 2 359 0 15 436 0
0.568848 0.264744 3.57515
104 106 105
3 14 1067 0 2 998 0 15 994 0
1.4213 -0.561865 3.84012
202 190 162
3 14 654 0 6 512 0 15 597 0
0.66906 -0.351967 3.57134
204 200 172
2 14 899 0 15 1093 0
0.627332 -0.126101 3.64969
122 120 98
3 14 167 0 12 161 0 13 460 0
0.822645 -0.135878 4.19932
111 113 96
2 14 771 0 12 846 0
0.656636 -0.151964 3.66289
205 197 173
3 14 1133 0 12 933 0 15 924 0
-0.454687 0.95662 2.98389
101 101 98
2 14 72 0 13 48 0
-0.454687 0.95662 2.98389
101 101 98
2 14 73 0 13 49 0
0.985071 -0.240121 3.60423
176 182 169
2 14 168 0 13 327 0
1.31307 -0.637508 3.88762
229 209 175
3 14 170 0 13 242 0 15 167 0
-0.058337 0.0252262 3.3146
159 149 124
2 14 202 0 13 176 0
0.43126 -0.648913 3.76168
217 204 177
3 14 219 0 13 354 0 15 223 0
0.972714 -0.253506 3.5867
229 221 192
2 14 230 0 13 246 0
0.98828 -0.28888 3.61394
231 214 184
3 14 232 0 13 271 0 15 198 0
1.41661 -0.607834 3.87168
216 196 163
3 14 258 0 13 289 0 15 238 0
0.180177 0.1511 3.40403
191 196 181
2 14 260 0 13 322 0
1.11303 -0.323411 3.64889
235 219 188
3 14 308 0 13 386 0 15 213 0
-1.11562 1.1207 2.81282
155 155 149
2 14 329 0 13 212 0
0.6739 -0.138962 3.65136
166 160 136
3 14 392 0 13 325 0 15 298 0
1.54711 -0.222627 3.93236
195 188 162
3 14 409 0 13 456 0 15 285 0
-1.11456 0.891031 2.99123
88 89 86
2 14 442 0 13 234 0
0.474782 -0.424322 3.62537
215 200 165
2 14 510 0 13 1127 0
1.13176 -0.401767 3.70087
241 222 190
3 14 561 0 13 749 0 15 435 0
0.796833 -0.112143 3.64946
182 172 147
2 14 580 0 13 796 0
-1.45876 0.713051 3.10371
66 65 58
2 14 585 0 13 648 0
1.46176 -0.461003 3.78274
201 185 155
2 14 642 0 13 707 0
1.42142 -0.561857 3.8414
203 185 152
3 14 653 0 13 647 0 15 596 0
1.39772 -0.434624 3.75075
202 185 158
3 14 775 0 13 819 0 15 906 0
0.947355 -0.42808 3.71432
211 191 159
2 14 777 0 13 804 0
0.493516 -0.215896 3.44642
191 179 150
3 14 847 0 13 1232 0 15 1033 0
-0.386664 -0.127464 3.1794
176 170 146
2 14 884 0 13 1136 0
1.02009 -0.40391 3.69964
235 217 185
3 14 937 0 13 959 0 15 529 0
0.757117 -0.0844044 3.61558
206 209 192
2 14 940 0 13 1439 0
1.03514 -0.284787 3.61468
198 183 156
3 14 995 0 13 1367 0 15 874 0
1.30448 -0.653668 3.90179
242 222 187
2 14 1009 0 13 1092 0
-1.62891 0.395618 3.34382
143 138 131
3 14 1028 0 13 732 0 15 1085 0
0.537003 1.1428 2.90533
81 80 76
2 14 1038 0 13 1096 0
1.13819 -0.565545 3.82516
244 223 189
2 14 1060 0 13 1211 0
0.767019 -0.162999 3.67022
209 200 177
3 14 1078 0 13 1237 0 15 873 0
-0.608067 0.731923 3.15358
63 65 63
3 14 1083 0 13 1051 0 15 1109 0
0.44983 -0.0397556 3.55505
175 182 170
2 14 1092 0 13 1267 0
1.1343 -0.357593 3.6771
243 226 195
3 14 1114 0 13 1409 0 15 1115 0
0.433343 -0.214383 3.47794
182 163 127
2 14 1130 0 13 918 0
1.29261 -0.563162 3.82931
240 220 185
2 14 1138 0 13 1132 0
0.754325 0.73827 3.22157
98 98 96
2 14 1145 0 13 976 0
1.06241 -0.330594 3.64644
204 187 156
3 14 1158 0 13 1312 0 15 934 0
1.06241 -0.330594 3.64644
204 187 156
3 14 1159 0 13 1313 0 15 935 0
0.430623 -0.670287 3.77637
177 164 138
3 14 1166 0 13 1413 0 15 1126 0
-0.284649 0.230927 3.09872
156 155 136
2 15 8 0 0 9 0
1.00808 0.400965 3.49866
142 141 142
4 15 591 0 0 911 0 3 581 0 2 525 0
0.429651 -1.03132 4.5278
119 116 111
4 15 651 0 0 219 0 3 507 0 2 590 0
0.429832 -1.03064 4.52636
115 113 110
3 15 652 0 0 218 0 2 592 0
0.846444 -0.497657 3.75766
205 195 172
2 15 926 0 0 813 0
1.1618 -0.426692 3.72609
201 191 167
2 15 1112 0 0 534 0
1.07431 -0.369783 3.67882
224 214 191
2 15 1156 0 0 1050 0
-0.240038 -0.45043 3.85288
82 79 70
2 15 10 0 1 12 0
0.61001 -0.183531 3.65138
187 182 159
4 15 16 0 1 19 0 14 29 0 13 29 0
1.35037 -0.0132836 3.89327
116 116 115
2 15 19 0 1 23 0
0.0236378 -0.194111 3.48446
68 68 49
2 15 23 0 1 33 0
-0.33595 -0.222084 3.45981
161 157 130
3 15 34 0 1 38 0 14 45 0
-0.339438 0.00124113 3.20937
158 153 131
2 15 74 0 1 74 0
0.00932522 0.0618577 3.43456
113 116 101
2 15 85 0 1 125 0
-0.294463 0.0193796 3.27333
166 159 129
3 15 100 0 1 128 0 2 65 0
-0.180694 0.200906 3.15374
152 145 120
2 15 104 0 1 107 0
0.361395 -0.213991 3.46243
186 177 149
2 15 112 0 1 145 0
-0.0971161 0.350906 3.38388
210 214 197
2 15 122 0 1 141 0
-0.357351 -0.0253711 3.27877
174 172 147
2 15 141 0 1 148 0
-0.194468 0.399365 3.35378
118 127 115
2 15 146 0 1 159 0
-0.188661 0.0751412 3.21766
161 158 133
2 15 154 0 1 115 0
0.492372 -0.702067 3.93777
217 205 179
2 15 162 0 1 164 0
0.492372 -0.702067 3.93777
217 205 179
2 15 163 0 1 163 0
-0.110223 -0.376475 3.68385
210 192 162
2 15 190 0 1 369 0
0.63514 -0.278254 3.51335
190 185 161
2 15 194 0 1 289 0
0.734689 -0.321174 3.65508
101 105 93
2 15 195 0 1 169 0
0.793841 -0.193827 3.70107
81 81 66
2 15 221 0 1 245 0
0.172115 0.152482 3.44469
158 162 147
2 15 232 0 1 455 0
-0.0759562 0.166396 3.22401
175 171 151
2 15 263 0 1 300 0
0.0589871 -0.0974085 3.38332
156 152 127
2 15 280 0 1 301 0
0.817379 -1.17652 4.66815
122 117 116
2 15 308 0 1 398 0
0.470858 -0.0386027 3.56007
116 120 107
2 15 323 0 1 324 0
-0.630684 -0.0491775 3.31156
70 78 69
2 15 339 0 1 326 0
-0.102509 0.347539 3.33807
113 122 108
2 15 342 0 1 197 0
-0.669594 -0.0259094 3.2533
86 95 85
2 15 352 0 1 263 0
-0.116329 0.271409 3.27356
118 124 111
2 15 358 0 1 279 0
0.89982 -0.550849 3.80468
240 224 195
2 15 365 0 1 392 0
0.73435 -1.24523 4.71411
156 152 152
2 15 379 0 1 367 0
1.0205 -0.308786 1.75529
65 63 38
2 15 398 0 1 744 0
1.0205 -0.308786 1.75529
65 63 38
2 15 399 0 1 745 0
-0.39482 0.27412 3.09651
138 136 112
2 15 406 0 1 327 0
0.157512 0.21763 3.48091
124 130 115
2 15 413 0 1 426 0
1.20907 -0.560374 3.83243
244 225 193
4 15 414 0 1 491 0 14 667 0 13 689 0
0.0464848 0.136513 3.37497
122 125 108
2 15 417 0 1 336 0
1.05454 -0.639447 3.88617
219 202 172
2 15 427 0 1 481 0
1.05454 -0.639447 3.88617
219 202 172
2 15 428 0 1 482 0
0.775721 -0.211849 3.73162
76 75 62
3 15 437 0 1 261 0 14 906 0
0.993646 -0.522757 3.79624
213 197 165
3 15 461 0 1 527 0 14 426 0
-0.274939 0.112835 3.20533
192 185 158
2 15 470 0 1 476 0
0.696405 -1.10944 4.62193
191 187 184
2 15 518 0 1 600 0
0.442724 -0.127421 3.46169
152 160 146
2 15 521 0 1 617 0
-0.102502 0.328079 3.34571
170 175 157
2 15 526 0 1 370 0
0.0340355 0.131496 3.35936
159 163 147
2 15 531 0 1 450 0
0.212091 -0.201865 3.45899
155 148 123
2 15 560 0 1 535 0
0.212091 -0.201865 3.45899
155 148 123
2 15 561 0 1 534 0
0.29861 -0.243492 3.47686
156 149 123
2 15 562 0 1 545 0
0.0297178 -0.0208268 3.51185
135 141 127
2 15 563 0 1 561 0
-0.279249 0.135667 3.2236
194 188 163
2 15 567 0 1 533 0
1.03161 -0.622379 3.83501
247 230 201
2 15 579 0 1 739 0
-0.569658 -0.681213 4.24952
81 77 69
2 15 583 0 1 508 0
-0.279767 -0.11298 3.14106
195 195 172
2 15 606 0 1 636 0
0.505094 -0.551318 3.71766
198 186 157
2 15 644 0 1 810 0
0.0126206 0.0901346 3.45726
100 104 88
2 15 647 0 1 453 0
0.742748 -1.04934 4.57286
187 183 180
3 15 654 0 1 702 0 14 714 0
1.15253 -0.892723 4.07696
245 227 198
2 15 655 0 1 669 0
0.561218 -0.569797 3.73425
192 182 155
2 15 662 0 1 692 0
-0.357051 -0.0467772 3.31934
234 233 211
2 15 666 0 1 688 0
-0.153688 -0.568579 3.68043
165 161 140
2 15 670 0 1 730 0
0.978595 0.407569 3.47409
138 137 137
2 15 676 0 1 759 0
0.978595 0.407569 3.47409
138 137 137
2 15 677 0 1 760 0
0.978595 0.407569 3.47409
138 137 137
2 15 678 0 1 758 0
-0.422194 -0.293024 3.35662
80 75 65
2 15 679 0 1 555 0
-0.0104897 -0.477976 3.63427
235 229 203
2 15 706 0 1 690 0
-0.0104897 -0.477976 3.63427
235 229 203
2 15 707 0 1 691 0
-0.284839 0.11048 3.16405
138 137 124
2 15 709 0 1 779 0
0.433122 0.0458804 3.52663
157 162 148
2 15 734 0 1 988 0
0.758795 -0.198758 3.68705
157 155 138
2 15 736 0 1 794 0
0.441904 -0.107958 3.50175
158 165 150
2 15 750 0 1 601 0
-0.408111 -0.123802 3.33195
218 218 196
2 15 756 0 1 999 0
0.588577 -0.530825 3.71046
184 174 146
3 15 776 0 1 668 0 14 1192 0
1.03291 -0.376237 3.68229
227 212 183
2 15 787 0 1 787 0
0.0404223 0.107992 3.32483
163 167 149
2 15 795 0 1 675 0
-0.565886 -0.0621426 3.27819
69 74 62
2 15 796 0 1 384 0
0.318157 -0.232992 3.47855
191 185 160
2 15 825 0 1 873 0
1.08094 -0.350888 3.65568
231 216 188
2 15 859 0 1 731 0
1.06029 -0.34141 3.65452
228 211 182
4 15 870 0 1 821 0 14 1096 0 13 709 0
0.537708 -0.603548 3.81973
228 219 192
2 15 871 0 1 891 0
-0.264792 0.147996 3.15143
158 157 137
3 15 895 0 1 880 0 14 952 0
1.13005 0.244315 3.5955
177 176 174
2 15 899 0 1 955 0
-0.110475 -0.470904 3.62344
166 161 139
2 15 905 0 1 832 0
-0.281189 -0.0481039 3.35337
225 222 199
2 15 912 0 1 888 0
-0.499216 0.170672 3.54083
86 86 66
2 15 954 0 1 717 0
0.878178 0.70439 3.23297
94 92 87
2 15 957 0 1 828 0
0.947479 -0.426383 3.70243
201 186 158
3 15 971 0 1 984 0 14 776 0
-0.192245 0.195205 3.21999
206 196 169
2 15 976 0 1 928 0
-0.287157 0.0526467 3.32107
205 197 168
2 15 983 0 1 927 0
-0.183874 0.168549 3.19256
200 191 165
2 15 1003 0 1 907 0
0.225457 -0.0753792 3.36588
164 168 152
2 15 1025 0 1 867 0
0.873882 0.570423 3.34425
168 167 164
2 15 1026 0 1 915 0
0.873882 0.570423 3.34425
168 167 164
2 15 1027 0 1 914 0
-0.112601 0.0055837 2.95143
161 154 125
2 15 1051 0 1 677 0
0.36518 -0.250189 3.48861
198 191 165
2 15 1080 0 1 982 0
0.345863 -0.709307 3.80309
180 179 156
2 15 15 0 2 12 0
-0.0965153 -0.53042 3.64697
46 45 30
3 15 65 0 2 85 0 14 75 0
0.392051 -0.6174 3.75853
207 197 169
4 15 181 0 2 679 0 13 207 0 12 383 0
1.38775 -0.261191 2.73788
112 116 101
2 15 209 0 2 119 0
1.18291 -0.631416 3.88214
230 215 187
2 15 287 0 2 205 0
1.30469 -0.481233 3.77451
196 184 153
4 15 328 0 2 276 0 14 334 0 12 468 0
1.25616 -0.71903 3.94832
239 223 195
2 15 462 0 2 419 0
-0.369357 -0.172916 3.21612
147 143 118
3 15 710 0 2 882 0 14 1149 0
1.4287 -0.711177 3.95356
242 233 206
2 15 696 0 6 740 0
-0.00409418 -0.42659 3.59244
190 185 160
2 15 801 0 7 414 0
1.19383 -0.535057 3.80748
211 201 175
2 15 1096 0 7 941 0
1.19383 -0.535057 3.80748
211 201 175
2 15 1097 0 7 940 0
0.800464 -0.452671 3.72151
194 182 156
3 15 815 0 8 974 0 14 706 0
0.905784 -0.325906 3.63355
180 167 141
4 15 1036 0 8 403 0 14 811 0 13 1430 0
0.263778 -0.603218 3.52753
217 205 177
2 15 549 0 12 451 0
-0.274725 -0.151457 3.38896
187 179 152
2 15 62 0 13 82 0
0.170909 -0.679331 3.77666
203 194 169
2 15 93 0 13 102 0
-0.310678 -0.150033 3.32003
182 180 160
2 15 1 0 14 1 0
-0.374033 -0.154854 3.25602
211 211 189
2 15 14 0 14 25 0
0.656929 -0.226846 3.67108
73 77 63
2 15 27 0 14 31 0
-0.430942 -0.15666 3.23735
152 147 122
2 15 47 0 14 67 0
1.07239 -0.438558 3.82207
237 219 189
2 15 66 0 14 80 0
-0.126533 0.188582 3.17778
151 147 123
2 15 77 0 14 74 0
-0.789321 0.00984574 3.21371
102 103 84
2 15 82 0 14 99 0
0.77633 -0.467827 3.7318
223 207 179
2 15 89 0 14 112 0
-0.283993 -0.0269682 3.3497
227 224 202
2 15 92 0 14 93 0
0.565233 -0.0991805 3.60946
93 97 83
2 15 99 0 14 109 0
-0.742032 0.0350475 3.30188
73 77 61
2 15 116 0 14 125 0
1.18581 -0.512801 3.80446
238 219 188
2 15 140 0 14 141 0
-0.681725 -0.0135697 3.32031
112 117 104
2 15 144 0 14 122 0
-0.27575 0.0189675 3.30798
255 248 221
2 15 189 0 14 239 0
-0.471288 0.334925 3.06583
152 150 128
2 15 211 0 14 177 0
0.50354 -0.487478 3.67547
207 194 166
2 15 233 0 14 218 0
1.38257 -0.417469 3.72559
201 200 185
2 15 292 0 14 453 0
0.906738 -0.466499 3.72966
235 220 191
2 15 312 0 14 327 0
0.946921 -0.215189 3.60258
165 172 160
2 15 314 0 14 313 0
0.0237939 -0.117522 3.4525
162 156 132
2 15 327 0 14 395 0
1.17481 -0.677653 3.93427
246 226 195
2 15 359 0 14 447 0
0.15208 -0.0532929 3.44087
115 118 107
2 15 366 0 14 469 0
1.31908 0.318827 3.56491
74 73 74
2 15 387 0 14 562 0
0.962737 -0.237282 3.59431
164 169 155
2 15 463 0 14 933 0
1.22766 -0.55136 3.7967
203 187 154
2 15 467 0 14 537 0
0.87676 -0.273275 1.15319
187 177 153
2 15 476 0 14 786 0
-0.398608 -0.316179 3.50711
72 71 59
2 15 477 0 14 284 0
-0.252814 0.251717 3.12157
146 146 128
2 15 497 0 14 1102 0
-0.498942 0.328068 3.05648
152 149 127
2 15 587 0 14 553 0
1.25485 -0.366395 3.69146
214 206 182
2 15 640 0 14 961 0
1.35062 -0.575916 3.8363
211 195 163
2 15 672 0 14 732 0
1.22562 -0.365626 3.6696
237 220 189
2 15 673 0 14 1142 0
0.396627 -0.259963 3.50413
203 193 165
2 15 674 0 14 644 0
0.396627 -0.259963 3.50413
203 193 165
2 15 675 0 14 643 0
1.04375 -0.465816 1.93829
234 216 186
2 15 680 0 14 1037 0
-0.488861 -0.23805 3.27001
146 142 121
2 15 689 0 14 540 0
-0.530838 -0.222051 3.28713
71 68 56
2 15 739 0 14 341 0
0.362124 -0.727949 3.94029
192 185 158
2 15 743 0 14 1076 0
0.570228 -0.369181 3.58435
198 185 152
2 15 797 0 14 944 0
0.800223 -0.45151 3.71218
193 177 149
2 15 816 0 14 707 0
-0.388108 -0.113064 3.20228
150 147 122
2 15 821 0 14 582 0
1.29747 0.329719 3.56144
123 119 116
2 15 824 0 14 1115 0
-0.496757 -0.224164 3.25447
147 142 120
2 15 834 0 14 674 0
0.265476 -0.184349 3.44124
184 176 151
2 15 850 0 14 1033 0
-0.209043 0.220517 3.1496
138 132 114
2 15 876 0 14 982 0
1.00448 -0.326327 3.6098
198 184 156
2 15 914 0 14 921 0
1.21733 -0.538123 3.80166
240 222 191
2 15 918 0 14 966 0
0.661005 -0.152149 3.63243
191 186 165
2 15 925 0 14 1134 0
1.17298 -0.711846 3.93372
210 192 158
2 15 933 0 14 1162 0
0.696516 -0.311471 3.52911
203 197 172
2 15 1063 0 14 950 0
1.14173 -0.476614 3.76072
202 182 150
2 15 1094 0 14 1128 0
0.295863 -0.202873 3.45768
190 181 156
2 15 1099 0 14 1049 0
0.425893 -0.673382 3.79951
167 159 134
2 15 1127 0 14 1167 0
1.137 0.558284 3.37465
160 158 157
2 15 1142 0 14 1007 0
1.137 0.558284 3.37465
160 158 157
2 15 1143 0 14 1006 0
